
*** Running vivado
    with args -log sum_system_sum_ip_0_0.vds -m64 -product Vivado -mode batch -messageDb vivado.pb -notrace -source sum_system_sum_ip_0_0.tcl


****** Vivado v2018.1 (64-bit)
  **** SW Build 2188600 on Wed Apr  4 18:40:38 MDT 2018
  **** IP Build 2185939 on Wed Apr  4 20:55:05 MDT 2018
    ** Copyright 1986-2018 Xilinx, Inc. All Rights Reserved.

source sum_system_sum_ip_0_0.tcl -notrace
Command: synth_design -top sum_system_sum_ip_0_0 -part xc7z010clg400-1 -mode out_of_context
Starting synth_design
Attempting to get a license for feature 'Synthesis' and/or device 'xc7z010'
INFO: [Common 17-349] Got license for feature 'Synthesis' and/or device 'xc7z010'
INFO: Launching helper process for spawning children vivado processes
INFO: Helper process launched with PID 5396 
---------------------------------------------------------------------------------
Starting RTL Elaboration : Time (s): cpu = 00:00:01 ; elapsed = 00:00:11 . Memory (MB): peak = 399.438 ; gain = 99.277
---------------------------------------------------------------------------------
INFO: [Synth 8-638] synthesizing module 'sum_system_sum_ip_0_0' [c:/Users/chris/Documents/FPGA/sum_ip/sum_ip.srcs/sources_1/bd/sum_system/ip/sum_system_sum_ip_0_0/synth/sum_system_sum_ip_0_0.vhd:82]
	Parameter C_S_AXI_DATA_WIDTH bound to: 32 - type: integer 
	Parameter C_S_AXI_ADDR_WIDTH bound to: 4 - type: integer 
INFO: [Synth 8-3491] module 'sum_ip_v1_0' declared at 'c:/Users/chris/Documents/FPGA/sum_ip/sum_ip.srcs/sources_1/bd/sum_system/ipshared/b4b0/hdl/sum_ip_v1_0.vhd:5' bound to instance 'U0' of component 'sum_ip_v1_0' [c:/Users/chris/Documents/FPGA/sum_ip/sum_ip.srcs/sources_1/bd/sum_system/ip/sum_system_sum_ip_0_0/synth/sum_system_sum_ip_0_0.vhd:148]
INFO: [Synth 8-638] synthesizing module 'sum_ip_v1_0' [c:/Users/chris/Documents/FPGA/sum_ip/sum_ip.srcs/sources_1/bd/sum_system/ipshared/b4b0/hdl/sum_ip_v1_0.vhd:49]
	Parameter C_S_AXI_DATA_WIDTH bound to: 32 - type: integer 
	Parameter C_S_AXI_ADDR_WIDTH bound to: 4 - type: integer 
	Parameter C_S_AXI_DATA_WIDTH bound to: 32 - type: integer 
	Parameter C_S_AXI_ADDR_WIDTH bound to: 4 - type: integer 
INFO: [Synth 8-3491] module 'sum_ip_v1_0_S_AXI' declared at 'c:/Users/chris/Documents/FPGA/sum_ip/sum_ip.srcs/sources_1/bd/sum_system/ipshared/b4b0/hdl/sum_ip_v1_0_S_AXI.vhd:5' bound to instance 'sum_ip_v1_0_S_AXI_inst' of component 'sum_ip_v1_0_S_AXI' [c:/Users/chris/Documents/FPGA/sum_ip/sum_ip.srcs/sources_1/bd/sum_system/ipshared/b4b0/hdl/sum_ip_v1_0.vhd:85]
INFO: [Synth 8-638] synthesizing module 'sum_ip_v1_0_S_AXI' [c:/Users/chris/Documents/FPGA/sum_ip/sum_ip.srcs/sources_1/bd/sum_system/ipshared/b4b0/hdl/sum_ip_v1_0_S_AXI.vhd:86]
	Parameter C_S_AXI_DATA_WIDTH bound to: 32 - type: integer 
	Parameter C_S_AXI_ADDR_WIDTH bound to: 4 - type: integer 
INFO: [Synth 8-226] default block is never used [c:/Users/chris/Documents/FPGA/sum_ip/sum_ip.srcs/sources_1/bd/sum_system/ipshared/b4b0/hdl/sum_ip_v1_0_S_AXI.vhd:241]
INFO: [Synth 8-226] default block is never used [c:/Users/chris/Documents/FPGA/sum_ip/sum_ip.srcs/sources_1/bd/sum_system/ipshared/b4b0/hdl/sum_ip_v1_0_S_AXI.vhd:372]
INFO: [Synth 8-3491] module 'sum_user_logic' declared at 'c:/Users/chris/Documents/FPGA/sum_ip/sum_ip.srcs/sources_1/bd/sum_system/ipshared/b4b0/src/sum_user_logic.vhd:9' bound to instance 'inst_sum' of component 'sum_user_logic' [c:/Users/chris/Documents/FPGA/sum_ip/sum_ip.srcs/sources_1/bd/sum_system/ipshared/b4b0/hdl/sum_ip_v1_0_S_AXI.vhd:409]
INFO: [Synth 8-638] synthesizing module 'sum_user_logic' [c:/Users/chris/Documents/FPGA/sum_ip/sum_ip.srcs/sources_1/bd/sum_system/ipshared/b4b0/src/sum_user_logic.vhd:18]
INFO: [Synth 8-256] done synthesizing module 'sum_user_logic' (1#1) [c:/Users/chris/Documents/FPGA/sum_ip/sum_ip.srcs/sources_1/bd/sum_system/ipshared/b4b0/src/sum_user_logic.vhd:18]
WARNING: [Synth 8-6014] Unused sequential element slv_reg2_reg was removed.  [c:/Users/chris/Documents/FPGA/sum_ip/sum_ip.srcs/sources_1/bd/sum_system/ipshared/b4b0/hdl/sum_ip_v1_0_S_AXI.vhd:236]
WARNING: [Synth 8-6014] Unused sequential element loc_addr_reg was removed.  [c:/Users/chris/Documents/FPGA/sum_ip/sum_ip.srcs/sources_1/bd/sum_system/ipshared/b4b0/hdl/sum_ip_v1_0_S_AXI.vhd:239]
INFO: [Synth 8-256] done synthesizing module 'sum_ip_v1_0_S_AXI' (2#1) [c:/Users/chris/Documents/FPGA/sum_ip/sum_ip.srcs/sources_1/bd/sum_system/ipshared/b4b0/hdl/sum_ip_v1_0_S_AXI.vhd:86]
INFO: [Synth 8-256] done synthesizing module 'sum_ip_v1_0' (3#1) [c:/Users/chris/Documents/FPGA/sum_ip/sum_ip.srcs/sources_1/bd/sum_system/ipshared/b4b0/hdl/sum_ip_v1_0.vhd:49]
INFO: [Synth 8-256] done synthesizing module 'sum_system_sum_ip_0_0' (4#1) [c:/Users/chris/Documents/FPGA/sum_ip/sum_ip.srcs/sources_1/bd/sum_system/ip/sum_system_sum_ip_0_0/synth/sum_system_sum_ip_0_0.vhd:82]
WARNING: [Synth 8-3331] design sum_ip_v1_0_S_AXI has unconnected port S_AXI_AWPROT[2]
WARNING: [Synth 8-3331] design sum_ip_v1_0_S_AXI has unconnected port S_AXI_AWPROT[1]
WARNING: [Synth 8-3331] design sum_ip_v1_0_S_AXI has unconnected port S_AXI_AWPROT[0]
WARNING: [Synth 8-3331] design sum_ip_v1_0_S_AXI has unconnected port S_AXI_ARPROT[2]
WARNING: [Synth 8-3331] design sum_ip_v1_0_S_AXI has unconnected port S_AXI_ARPROT[1]
WARNING: [Synth 8-3331] design sum_ip_v1_0_S_AXI has unconnected port S_AXI_ARPROT[0]
---------------------------------------------------------------------------------
Finished RTL Elaboration : Time (s): cpu = 00:00:02 ; elapsed = 00:00:13 . Memory (MB): peak = 455.234 ; gain = 155.074
---------------------------------------------------------------------------------

Report Check Netlist: 
+------+------------------+-------+---------+-------+------------------+
|      |Item              |Errors |Warnings |Status |Description       |
+------+------------------+-------+---------+-------+------------------+
|1     |multi_driven_nets |      0|        0|Passed |Multi driven nets |
+------+------------------+-------+---------+-------+------------------+
---------------------------------------------------------------------------------
Start Handling Custom Attributes
---------------------------------------------------------------------------------
---------------------------------------------------------------------------------
Finished Handling Custom Attributes : Time (s): cpu = 00:00:02 ; elapsed = 00:00:13 . Memory (MB): peak = 455.234 ; gain = 155.074
---------------------------------------------------------------------------------
---------------------------------------------------------------------------------
Finished RTL Optimization Phase 1 : Time (s): cpu = 00:00:02 ; elapsed = 00:00:13 . Memory (MB): peak = 455.234 ; gain = 155.074
---------------------------------------------------------------------------------
INFO: [Device 21-403] Loading part xc7z010clg400-1
INFO: [Project 1-570] Preparing netlist for logic optimization

Processing XDC Constraints
Initializing timing engine
Completed Processing XDC Constraints

INFO: [Project 1-111] Unisim Transformation Summary:
No Unisim elements were transformed.

Constraint Validation Runtime : Time (s): cpu = 00:00:00 ; elapsed = 00:00:00.086 . Memory (MB): peak = 773.293 ; gain = 0.000
---------------------------------------------------------------------------------
Finished Constraint Validation : Time (s): cpu = 00:00:03 ; elapsed = 00:00:36 . Memory (MB): peak = 773.293 ; gain = 473.133
---------------------------------------------------------------------------------
---------------------------------------------------------------------------------
Start Loading Part and Timing Information
---------------------------------------------------------------------------------
Loading part: xc7z010clg400-1
---------------------------------------------------------------------------------
Finished Loading Part and Timing Information : Time (s): cpu = 00:00:03 ; elapsed = 00:00:36 . Memory (MB): peak = 773.293 ; gain = 473.133
---------------------------------------------------------------------------------
---------------------------------------------------------------------------------
Start Applying 'set_property' XDC Constraints
---------------------------------------------------------------------------------
---------------------------------------------------------------------------------
Finished applying 'set_property' XDC Constraints : Time (s): cpu = 00:00:03 ; elapsed = 00:00:36 . Memory (MB): peak = 773.293 ; gain = 473.133
---------------------------------------------------------------------------------
---------------------------------------------------------------------------------
Finished RTL Optimization Phase 2 : Time (s): cpu = 00:00:03 ; elapsed = 00:00:37 . Memory (MB): peak = 773.293 ; gain = 473.133
---------------------------------------------------------------------------------

Report RTL Partitions: 
+-+--------------+------------+----------+
| |RTL Partition |Replication |Instances |
+-+--------------+------------+----------+
+-+--------------+------------+----------+
---------------------------------------------------------------------------------
Start RTL Component Statistics 
---------------------------------------------------------------------------------
Detailed RTL Component Info : 
+---Adders : 
	   2 Input     32 Bit       Adders := 1     
+---Registers : 
	               32 Bit    Registers := 5     
	                4 Bit    Registers := 2     
	                2 Bit    Registers := 2     
	                1 Bit    Registers := 6     
+---Muxes : 
	   2 Input     32 Bit        Muxes := 3     
	   4 Input     32 Bit        Muxes := 4     
	   2 Input      1 Bit        Muxes := 5     
---------------------------------------------------------------------------------
Finished RTL Component Statistics 
---------------------------------------------------------------------------------
---------------------------------------------------------------------------------
Start RTL Hierarchical Component Statistics 
---------------------------------------------------------------------------------
Hierarchical RTL Component report 
Module sum_user_logic 
Detailed RTL Component Info : 
+---Adders : 
	   2 Input     32 Bit       Adders := 1     
+---Registers : 
	               32 Bit    Registers := 1     
Module sum_ip_v1_0_S_AXI 
Detailed RTL Component Info : 
+---Registers : 
	               32 Bit    Registers := 4     
	                4 Bit    Registers := 2     
	                2 Bit    Registers := 2     
	                1 Bit    Registers := 6     
+---Muxes : 
	   2 Input     32 Bit        Muxes := 3     
	   4 Input     32 Bit        Muxes := 4     
	   2 Input      1 Bit        Muxes := 5     
---------------------------------------------------------------------------------
Finished RTL Hierarchical Component Statistics
---------------------------------------------------------------------------------
---------------------------------------------------------------------------------
Start Part Resource Summary
---------------------------------------------------------------------------------
Part Resources:
DSPs: 80 (col length:40)
BRAMs: 120 (col length: RAMB18 40 RAMB36 20)
---------------------------------------------------------------------------------
Finished Part Resource Summary
---------------------------------------------------------------------------------
---------------------------------------------------------------------------------
Start Cross Boundary and Area Optimization
---------------------------------------------------------------------------------
Warning: Parallel synthesis criteria is not met 
WARNING: [Synth 8-3331] design sum_system_sum_ip_0_0 has unconnected port s_axi_awprot[2]
WARNING: [Synth 8-3331] design sum_system_sum_ip_0_0 has unconnected port s_axi_awprot[1]
WARNING: [Synth 8-3331] design sum_system_sum_ip_0_0 has unconnected port s_axi_awprot[0]
WARNING: [Synth 8-3331] design sum_system_sum_ip_0_0 has unconnected port s_axi_arprot[2]
WARNING: [Synth 8-3331] design sum_system_sum_ip_0_0 has unconnected port s_axi_arprot[1]
WARNING: [Synth 8-3331] design sum_system_sum_ip_0_0 has unconnected port s_axi_arprot[0]
INFO: [Synth 8-3333] propagating constant 1 across sequential element (\U0/sum_ip_v1_0_S_AXI_inst/aw_en_reg )
INFO: [Synth 8-3886] merging instance 'U0/sum_ip_v1_0_S_AXI_inst/axi_rresp_reg[0]' (FDRE) to 'U0/sum_ip_v1_0_S_AXI_inst/axi_rresp_reg[1]'
INFO: [Synth 8-3333] propagating constant 0 across sequential element (\U0/sum_ip_v1_0_S_AXI_inst/axi_rresp_reg[1] )
INFO: [Synth 8-3886] merging instance 'U0/sum_ip_v1_0_S_AXI_inst/axi_bresp_reg[0]' (FDRE) to 'U0/sum_ip_v1_0_S_AXI_inst/axi_bresp_reg[1]'
INFO: [Synth 8-3333] propagating constant 0 across sequential element (\U0/sum_ip_v1_0_S_AXI_inst/axi_bresp_reg[1] )
INFO: [Synth 8-3332] Sequential element (U0/sum_ip_v1_0_S_AXI_inst/aw_en_reg) is unused and will be removed from module sum_system_sum_ip_0_0.
INFO: [Synth 8-3332] Sequential element (U0/sum_ip_v1_0_S_AXI_inst/axi_bresp_reg[1]) is unused and will be removed from module sum_system_sum_ip_0_0.
INFO: [Synth 8-3332] Sequential element (U0/sum_ip_v1_0_S_AXI_inst/axi_araddr_reg[1]) is unused and will be removed from module sum_system_sum_ip_0_0.
INFO: [Synth 8-3332] Sequential element (U0/sum_ip_v1_0_S_AXI_inst/axi_araddr_reg[0]) is unused and will be removed from module sum_system_sum_ip_0_0.
INFO: [Synth 8-3332] Sequential element (U0/sum_ip_v1_0_S_AXI_inst/axi_awaddr_reg[1]) is unused and will be removed from module sum_system_sum_ip_0_0.
INFO: [Synth 8-3332] Sequential element (U0/sum_ip_v1_0_S_AXI_inst/axi_awaddr_reg[0]) is unused and will be removed from module sum_system_sum_ip_0_0.
INFO: [Synth 8-3332] Sequential element (U0/sum_ip_v1_0_S_AXI_inst/axi_rresp_reg[1]) is unused and will be removed from module sum_system_sum_ip_0_0.
---------------------------------------------------------------------------------
Finished Cross Boundary and Area Optimization : Time (s): cpu = 00:00:03 ; elapsed = 00:00:38 . Memory (MB): peak = 773.293 ; gain = 473.133
---------------------------------------------------------------------------------

Report RTL Partitions: 
+-+--------------+------------+----------+
| |RTL Partition |Replication |Instances |
+-+--------------+------------+----------+
+-+--------------+------------+----------+
---------------------------------------------------------------------------------
Start Applying XDC Timing Constraints
---------------------------------------------------------------------------------
---------------------------------------------------------------------------------
Finished Applying XDC Timing Constraints : Time (s): cpu = 00:00:04 ; elapsed = 00:00:55 . Memory (MB): peak = 777.566 ; gain = 477.406
---------------------------------------------------------------------------------
---------------------------------------------------------------------------------
Start Timing Optimization
---------------------------------------------------------------------------------
---------------------------------------------------------------------------------
Finished Timing Optimization : Time (s): cpu = 00:00:04 ; elapsed = 00:00:55 . Memory (MB): peak = 777.715 ; gain = 477.555
---------------------------------------------------------------------------------

Report RTL Partitions: 
+-+--------------+------------+----------+
| |RTL Partition |Replication |Instances |
+-+--------------+------------+----------+
+-+--------------+------------+----------+
---------------------------------------------------------------------------------
Start Technology Mapping
---------------------------------------------------------------------------------
---------------------------------------------------------------------------------
Finished Technology Mapping : Time (s): cpu = 00:00:04 ; elapsed = 00:00:55 . Memory (MB): peak = 788.340 ; gain = 488.180
---------------------------------------------------------------------------------

Report RTL Partitions: 
+-+--------------+------------+----------+
| |RTL Partition |Replication |Instances |
+-+--------------+------------+----------+
+-+--------------+------------+----------+
---------------------------------------------------------------------------------
Start IO Insertion
---------------------------------------------------------------------------------
---------------------------------------------------------------------------------
Start Flattening Before IO Insertion
---------------------------------------------------------------------------------
---------------------------------------------------------------------------------
Finished Flattening Before IO Insertion
---------------------------------------------------------------------------------
---------------------------------------------------------------------------------
Start Final Netlist Cleanup
---------------------------------------------------------------------------------
---------------------------------------------------------------------------------
Finished Final Netlist Cleanup
---------------------------------------------------------------------------------
---------------------------------------------------------------------------------
Finished IO Insertion : Time (s): cpu = 00:00:04 ; elapsed = 00:00:57 . Memory (MB): peak = 788.340 ; gain = 488.180
---------------------------------------------------------------------------------

Report Check Netlist: 
+------+------------------+-------+---------+-------+------------------+
|      |Item              |Errors |Warnings |Status |Description       |
+------+------------------+-------+---------+-------+------------------+
|1     |multi_driven_nets |      0|        0|Passed |Multi driven nets |
+------+------------------+-------+---------+-------+------------------+
---------------------------------------------------------------------------------
Start Renaming Generated Instances
---------------------------------------------------------------------------------
---------------------------------------------------------------------------------
Finished Renaming Generated Instances : Time (s): cpu = 00:00:04 ; elapsed = 00:00:57 . Memory (MB): peak = 788.340 ; gain = 488.180
---------------------------------------------------------------------------------

Report RTL Partitions: 
+-+--------------+------------+----------+
| |RTL Partition |Replication |Instances |
+-+--------------+------------+----------+
+-+--------------+------------+----------+
---------------------------------------------------------------------------------
Start Rebuilding User Hierarchy
---------------------------------------------------------------------------------
---------------------------------------------------------------------------------
Finished Rebuilding User Hierarchy : Time (s): cpu = 00:00:04 ; elapsed = 00:00:57 . Memory (MB): peak = 788.340 ; gain = 488.180
---------------------------------------------------------------------------------
---------------------------------------------------------------------------------
Start Renaming Generated Ports
---------------------------------------------------------------------------------
---------------------------------------------------------------------------------
Finished Renaming Generated Ports : Time (s): cpu = 00:00:04 ; elapsed = 00:00:57 . Memory (MB): peak = 788.340 ; gain = 488.180
---------------------------------------------------------------------------------
---------------------------------------------------------------------------------
Start Handling Custom Attributes
---------------------------------------------------------------------------------
---------------------------------------------------------------------------------
Finished Handling Custom Attributes : Time (s): cpu = 00:00:04 ; elapsed = 00:00:57 . Memory (MB): peak = 788.340 ; gain = 488.180
---------------------------------------------------------------------------------
---------------------------------------------------------------------------------
Start Renaming Generated Nets
---------------------------------------------------------------------------------
---------------------------------------------------------------------------------
Finished Renaming Generated Nets : Time (s): cpu = 00:00:04 ; elapsed = 00:00:57 . Memory (MB): peak = 788.340 ; gain = 488.180
---------------------------------------------------------------------------------
---------------------------------------------------------------------------------
Start Writing Synthesis Report
---------------------------------------------------------------------------------

Report BlackBoxes: 
+-+--------------+----------+
| |BlackBox name |Instances |
+-+--------------+----------+
+-+--------------+----------+

Report Cell Usage: 
+------+-------+------+
|      |Cell   |Count |
+------+-------+------+
|1     |CARRY4 |     8|
|2     |LUT1   |     1|
|3     |LUT2   |    33|
|4     |LUT3   |     3|
|5     |LUT4   |    16|
|6     |LUT5   |     2|
|7     |LUT6   |    33|
|8     |FDRE   |   167|
|9     |FDSE   |     2|
+------+-------+------+

Report Instance Areas: 
+------+---------------------------+------------------+------+
|      |Instance                   |Module            |Cells |
+------+---------------------------+------------------+------+
|1     |top                        |                  |   265|
|2     |  U0                       |sum_ip_v1_0       |   265|
|3     |    sum_ip_v1_0_S_AXI_inst |sum_ip_v1_0_S_AXI |   265|
|4     |      inst_sum             |sum_user_logic    |    72|
+------+---------------------------+------------------+------+
---------------------------------------------------------------------------------
Finished Writing Synthesis Report : Time (s): cpu = 00:00:04 ; elapsed = 00:00:57 . Memory (MB): peak = 788.340 ; gain = 488.180
---------------------------------------------------------------------------------
Synthesis finished with 0 errors, 0 critical warnings and 6 warnings.
Synthesis Optimization Runtime : Time (s): cpu = 00:00:02 ; elapsed = 00:00:44 . Memory (MB): peak = 788.340 ; gain = 170.121
Synthesis Optimization Complete : Time (s): cpu = 00:00:04 ; elapsed = 00:00:57 . Memory (MB): peak = 788.340 ; gain = 488.180
INFO: [Project 1-571] Translating synthesized netlist
INFO: [Netlist 29-17] Analyzing 8 Unisim elements for replacement
INFO: [Netlist 29-28] Unisim Transformation completed in 0 CPU seconds
INFO: [Project 1-570] Preparing netlist for logic optimization
INFO: [Opt 31-138] Pushed 0 inverter(s) to 0 load pin(s).
INFO: [Project 1-111] Unisim Transformation Summary:
No Unisim elements were transformed.

INFO: [Common 17-83] Releasing license: Synthesis
36 Infos, 14 Warnings, 0 Critical Warnings and 0 Errors encountered.
synth_design completed successfully
synth_design: Time (s): cpu = 00:00:04 ; elapsed = 00:01:01 . Memory (MB): peak = 797.414 ; gain = 508.762
INFO: [Common 17-1381] The checkpoint 'C:/Users/chris/Documents/FPGA/sum_ip/sum_ip.runs/sum_system_sum_ip_0_0_synth_1/sum_system_sum_ip_0_0.dcp' has been generated.
INFO: [Coretcl 2-1482] Added synthesis output to IP cache for IP c:/Users/chris/Documents/FPGA/sum_ip/sum_ip.srcs/sources_1/bd/sum_system/ip/sum_system_sum_ip_0_0/sum_system_sum_ip_0_0.xci
INFO: [Coretcl 2-1174] Renamed 3 cell refs.
INFO: [Common 17-1381] The checkpoint 'C:/Users/chris/Documents/FPGA/sum_ip/sum_ip.runs/sum_system_sum_ip_0_0_synth_1/sum_system_sum_ip_0_0.dcp' has been generated.
INFO: [runtcl-4] Executing : report_utilization -file sum_system_sum_ip_0_0_utilization_synth.rpt -pb sum_system_sum_ip_0_0_utilization_synth.pb
report_utilization: Time (s): cpu = 00:00:00 ; elapsed = 00:00:00.058 . Memory (MB): peak = 797.414 ; gain = 0.000
INFO: [Common 17-206] Exiting Vivado at Fri Dec  6 19:50:31 2024...
