15:08:32 INFO  : Registering command handlers for SDK TCF services
15:08:34 INFO  : Launching XSCT server: xsct.bat -interactive C:\Users\chris\Documents\FPGA\TP_contador_uart\TP_counter_uart_ip\TP_counter_uart_ip\TP_counter_uart_ip.sdk\temp_xsdb_launch_script.tcl
15:08:39 INFO  : XSCT server has started successfully.
15:08:39 INFO  : Successfully done setting XSCT server connection channel  
15:08:44 INFO  : Successfully done setting SDK workspace  
15:08:44 INFO  : Processing command line option -hwspec C:/Users/chris/Documents/FPGA/TP_contador_uart/TP_counter_uart_ip/TP_counter_uart_ip/TP_counter_uart_ip.sdk/counter_system_wrapper.hdf.
15:29:48 INFO  : Connected to target on host '127.0.0.1' and port '3121'.
15:29:54 INFO  : Connected to target on host '127.0.0.1' and port '3121'.
15:29:54 INFO  : 'targets -set -filter {jtag_cable_name =~ "Digilent Arty Z7 003017BB0A94A" && level==0} -index 1' command is executed.
15:29:55 INFO  : FPGA configured successfully with bitstream "C:/Users/chris/Documents/FPGA/TP_contador_uart/TP_counter_uart_ip/TP_counter_uart_ip/TP_counter_uart_ip.sdk/counter_system_wrapper_hw_platform_0/counter_system_wrapper.bit"
15:30:51 INFO  : 'targets -set -filter {jtag_cable_name =~ "Digilent Arty Z7 003017BB0A94A" && level==0} -index 1' command is executed.
15:30:51 INFO  : 'fpga -state' command is executed.
15:30:51 INFO  : Connected to target on host '127.0.0.1' and port '3121'.
15:30:52 INFO  : Jtag cable 'Digilent Arty Z7 003017BB0A94A' is selected.
15:30:52 INFO  : 'jtag frequency' command is executed.
15:30:52 INFO  : Sourcing of 'C:/Users/chris/Documents/FPGA/TP_contador_uart/TP_counter_uart_ip/TP_counter_uart_ip/TP_counter_uart_ip.sdk/counter_system_wrapper_hw_platform_0/ps7_init.tcl' is done.
15:30:52 INFO  : Context for 'APU' is selected.
15:30:52 INFO  : Hardware design information is loaded from 'C:/Users/chris/Documents/FPGA/TP_contador_uart/TP_counter_uart_ip/TP_counter_uart_ip/TP_counter_uart_ip.sdk/counter_system_wrapper_hw_platform_0/system.hdf'.
15:30:52 INFO  : 'configparams force-mem-access 1' command is executed.
15:30:52 INFO  : Context for 'APU' is selected.
15:30:52 INFO  : 'stop' command is executed.
15:30:52 INFO  : 'ps7_init' command is executed.
15:30:52 INFO  : 'ps7_post_config' command is executed.
15:30:52 INFO  : Context for processor 'ps7_cortexa9_0' is selected.
15:30:52 INFO  : Processor reset is completed for 'ps7_cortexa9_0'.
15:30:52 INFO  : Context for processor 'ps7_cortexa9_0' is selected.
15:30:52 INFO  : The application 'C:/Users/chris/Documents/FPGA/TP_contador_uart/TP_counter_uart_ip/TP_counter_uart_ip/TP_counter_uart_ip.sdk/uart_counter/Debug/uart_counter.elf' is downloaded to processor 'ps7_cortexa9_0'.
15:30:52 INFO  : 'configparams force-mem-access 0' command is executed.
15:30:52 INFO  : ----------------XSDB Script----------------
connect -url tcp:127.0.0.1:3121
source C:/Users/chris/Documents/FPGA/TP_contador_uart/TP_counter_uart_ip/TP_counter_uart_ip/TP_counter_uart_ip.sdk/counter_system_wrapper_hw_platform_0/ps7_init.tcl
targets -set -nocase -filter {name =~"APU*" && jtag_cable_name =~ "Digilent Arty Z7 003017BB0A94A"} -index 0
loadhw -hw C:/Users/chris/Documents/FPGA/TP_contador_uart/TP_counter_uart_ip/TP_counter_uart_ip/TP_counter_uart_ip.sdk/counter_system_wrapper_hw_platform_0/system.hdf -mem-ranges [list {0x40000000 0xbfffffff}]
configparams force-mem-access 1
targets -set -nocase -filter {name =~"APU*" && jtag_cable_name =~ "Digilent Arty Z7 003017BB0A94A"} -index 0
stop
ps7_init
ps7_post_config
targets -set -nocase -filter {name =~ "ARM*#0" && jtag_cable_name =~ "Digilent Arty Z7 003017BB0A94A"} -index 0
rst -processor
targets -set -nocase -filter {name =~ "ARM*#0" && jtag_cable_name =~ "Digilent Arty Z7 003017BB0A94A"} -index 0
dow C:/Users/chris/Documents/FPGA/TP_contador_uart/TP_counter_uart_ip/TP_counter_uart_ip/TP_counter_uart_ip.sdk/uart_counter/Debug/uart_counter.elf
configparams force-mem-access 0
----------------End of Script----------------

15:30:52 INFO  : Context for processor 'ps7_cortexa9_0' is selected.
15:30:52 INFO  : 'con' command is executed.
15:30:52 INFO  : ----------------XSDB Script (After Launch)----------------
targets -set -nocase -filter {name =~ "ARM*#0" && jtag_cable_name =~ "Digilent Arty Z7 003017BB0A94A"} -index 0
con
----------------End of Script----------------

15:30:52 INFO  : Disconnected from the channel tcfchan#1.
15:45:21 INFO  : 'targets -set -filter {jtag_cable_name =~ "Digilent Arty Z7 003017BB0A94A" && level==0} -index 1' command is executed.
15:45:21 INFO  : 'fpga -state' command is executed.
15:45:21 INFO  : Connected to target on host '127.0.0.1' and port '3121'.
15:45:21 INFO  : Jtag cable 'Digilent Arty Z7 003017BB0A94A' is selected.
15:45:21 INFO  : 'jtag frequency' command is executed.
15:45:21 INFO  : Sourcing of 'C:/Users/chris/Documents/FPGA/TP_contador_uart/TP_counter_uart_ip/TP_counter_uart_ip/TP_counter_uart_ip.sdk/counter_system_wrapper_hw_platform_0/ps7_init.tcl' is done.
15:45:21 INFO  : Context for 'APU' is selected.
15:45:21 INFO  : Hardware design information is loaded from 'C:/Users/chris/Documents/FPGA/TP_contador_uart/TP_counter_uart_ip/TP_counter_uart_ip/TP_counter_uart_ip.sdk/counter_system_wrapper_hw_platform_0/system.hdf'.
15:45:21 INFO  : 'configparams force-mem-access 1' command is executed.
15:45:21 INFO  : Context for 'APU' is selected.
15:45:21 INFO  : 'stop' command is executed.
15:45:21 INFO  : 'ps7_init' command is executed.
15:45:21 INFO  : 'ps7_post_config' command is executed.
15:45:21 INFO  : Context for processor 'ps7_cortexa9_0' is selected.
15:45:21 INFO  : Processor reset is completed for 'ps7_cortexa9_0'.
15:45:21 INFO  : Context for processor 'ps7_cortexa9_0' is selected.
15:45:21 INFO  : The application 'C:/Users/chris/Documents/FPGA/TP_contador_uart/TP_counter_uart_ip/TP_counter_uart_ip/TP_counter_uart_ip.sdk/uart_counter/Debug/uart_counter.elf' is downloaded to processor 'ps7_cortexa9_0'.
15:45:22 INFO  : 'configparams force-mem-access 0' command is executed.
15:45:22 INFO  : ----------------XSDB Script----------------
connect -url tcp:127.0.0.1:3121
source C:/Users/chris/Documents/FPGA/TP_contador_uart/TP_counter_uart_ip/TP_counter_uart_ip/TP_counter_uart_ip.sdk/counter_system_wrapper_hw_platform_0/ps7_init.tcl
targets -set -nocase -filter {name =~"APU*" && jtag_cable_name =~ "Digilent Arty Z7 003017BB0A94A"} -index 0
loadhw -hw C:/Users/chris/Documents/FPGA/TP_contador_uart/TP_counter_uart_ip/TP_counter_uart_ip/TP_counter_uart_ip.sdk/counter_system_wrapper_hw_platform_0/system.hdf -mem-ranges [list {0x40000000 0xbfffffff}]
configparams force-mem-access 1
targets -set -nocase -filter {name =~"APU*" && jtag_cable_name =~ "Digilent Arty Z7 003017BB0A94A"} -index 0
stop
ps7_init
ps7_post_config
targets -set -nocase -filter {name =~ "ARM*#0" && jtag_cable_name =~ "Digilent Arty Z7 003017BB0A94A"} -index 0
rst -processor
targets -set -nocase -filter {name =~ "ARM*#0" && jtag_cable_name =~ "Digilent Arty Z7 003017BB0A94A"} -index 0
dow C:/Users/chris/Documents/FPGA/TP_contador_uart/TP_counter_uart_ip/TP_counter_uart_ip/TP_counter_uart_ip.sdk/uart_counter/Debug/uart_counter.elf
configparams force-mem-access 0
----------------End of Script----------------

15:45:22 INFO  : Context for processor 'ps7_cortexa9_0' is selected.
15:45:22 INFO  : 'con' command is executed.
15:45:22 INFO  : ----------------XSDB Script (After Launch)----------------
targets -set -nocase -filter {name =~ "ARM*#0" && jtag_cable_name =~ "Digilent Arty Z7 003017BB0A94A"} -index 0
con
----------------End of Script----------------

15:45:22 INFO  : Disconnected from the channel tcfchan#2.
15:47:42 INFO  : 'targets -set -filter {jtag_cable_name =~ "Digilent Arty Z7 003017BB0A94A" && level==0} -index 1' command is executed.
15:47:42 INFO  : 'fpga -state' command is executed.
15:47:42 INFO  : Connected to target on host '127.0.0.1' and port '3121'.
15:47:42 INFO  : Jtag cable 'Digilent Arty Z7 003017BB0A94A' is selected.
15:47:42 INFO  : 'jtag frequency' command is executed.
15:47:42 INFO  : Sourcing of 'C:/Users/chris/Documents/FPGA/TP_contador_uart/TP_counter_uart_ip/TP_counter_uart_ip/TP_counter_uart_ip.sdk/counter_system_wrapper_hw_platform_0/ps7_init.tcl' is done.
15:47:42 INFO  : Context for 'APU' is selected.
15:47:42 INFO  : Hardware design information is loaded from 'C:/Users/chris/Documents/FPGA/TP_contador_uart/TP_counter_uart_ip/TP_counter_uart_ip/TP_counter_uart_ip.sdk/counter_system_wrapper_hw_platform_0/system.hdf'.
15:47:42 INFO  : 'configparams force-mem-access 1' command is executed.
15:47:42 INFO  : Context for 'APU' is selected.
15:47:42 INFO  : 'stop' command is executed.
15:47:43 INFO  : 'ps7_init' command is executed.
15:47:43 INFO  : 'ps7_post_config' command is executed.
15:47:43 INFO  : Context for processor 'ps7_cortexa9_0' is selected.
15:47:43 INFO  : Processor reset is completed for 'ps7_cortexa9_0'.
15:47:43 INFO  : Context for processor 'ps7_cortexa9_0' is selected.
15:47:43 INFO  : The application 'C:/Users/chris/Documents/FPGA/TP_contador_uart/TP_counter_uart_ip/TP_counter_uart_ip/TP_counter_uart_ip.sdk/uart_counter/Debug/uart_counter.elf' is downloaded to processor 'ps7_cortexa9_0'.
15:47:43 INFO  : 'configparams force-mem-access 0' command is executed.
15:47:43 INFO  : ----------------XSDB Script----------------
connect -url tcp:127.0.0.1:3121
source C:/Users/chris/Documents/FPGA/TP_contador_uart/TP_counter_uart_ip/TP_counter_uart_ip/TP_counter_uart_ip.sdk/counter_system_wrapper_hw_platform_0/ps7_init.tcl
targets -set -nocase -filter {name =~"APU*" && jtag_cable_name =~ "Digilent Arty Z7 003017BB0A94A"} -index 0
loadhw -hw C:/Users/chris/Documents/FPGA/TP_contador_uart/TP_counter_uart_ip/TP_counter_uart_ip/TP_counter_uart_ip.sdk/counter_system_wrapper_hw_platform_0/system.hdf -mem-ranges [list {0x40000000 0xbfffffff}]
configparams force-mem-access 1
targets -set -nocase -filter {name =~"APU*" && jtag_cable_name =~ "Digilent Arty Z7 003017BB0A94A"} -index 0
stop
ps7_init
ps7_post_config
targets -set -nocase -filter {name =~ "ARM*#0" && jtag_cable_name =~ "Digilent Arty Z7 003017BB0A94A"} -index 0
rst -processor
targets -set -nocase -filter {name =~ "ARM*#0" && jtag_cable_name =~ "Digilent Arty Z7 003017BB0A94A"} -index 0
dow C:/Users/chris/Documents/FPGA/TP_contador_uart/TP_counter_uart_ip/TP_counter_uart_ip/TP_counter_uart_ip.sdk/uart_counter/Debug/uart_counter.elf
configparams force-mem-access 0
----------------End of Script----------------

15:47:43 INFO  : Context for processor 'ps7_cortexa9_0' is selected.
15:47:43 INFO  : 'con' command is executed.
15:47:43 INFO  : ----------------XSDB Script (After Launch)----------------
targets -set -nocase -filter {name =~ "ARM*#0" && jtag_cable_name =~ "Digilent Arty Z7 003017BB0A94A"} -index 0
con
----------------End of Script----------------

15:47:43 INFO  : Disconnected from the channel tcfchan#3.
15:50:43 INFO  : 'targets -set -filter {jtag_cable_name =~ "Digilent Arty Z7 003017BB0A94A" && level==0} -index 1' command is executed.
15:50:43 INFO  : 'fpga -state' command is executed.
15:50:43 INFO  : Connected to target on host '127.0.0.1' and port '3121'.
15:50:43 INFO  : Jtag cable 'Digilent Arty Z7 003017BB0A94A' is selected.
15:50:43 INFO  : 'jtag frequency' command is executed.
15:50:43 INFO  : Sourcing of 'C:/Users/chris/Documents/FPGA/TP_contador_uart/TP_counter_uart_ip/TP_counter_uart_ip/TP_counter_uart_ip.sdk/counter_system_wrapper_hw_platform_0/ps7_init.tcl' is done.
15:50:43 INFO  : Context for 'APU' is selected.
15:50:44 INFO  : Hardware design information is loaded from 'C:/Users/chris/Documents/FPGA/TP_contador_uart/TP_counter_uart_ip/TP_counter_uart_ip/TP_counter_uart_ip.sdk/counter_system_wrapper_hw_platform_0/system.hdf'.
15:50:44 INFO  : 'configparams force-mem-access 1' command is executed.
15:50:44 INFO  : Context for 'APU' is selected.
15:50:44 INFO  : 'stop' command is executed.
15:50:45 INFO  : 'ps7_init' command is executed.
15:50:45 INFO  : 'ps7_post_config' command is executed.
15:50:45 INFO  : Context for processor 'ps7_cortexa9_0' is selected.
15:50:45 INFO  : Processor reset is completed for 'ps7_cortexa9_0'.
15:50:45 INFO  : Context for processor 'ps7_cortexa9_0' is selected.
15:50:45 INFO  : The application 'C:/Users/chris/Documents/FPGA/TP_contador_uart/TP_counter_uart_ip/TP_counter_uart_ip/TP_counter_uart_ip.sdk/uart_counter/Debug/uart_counter.elf' is downloaded to processor 'ps7_cortexa9_0'.
15:50:45 INFO  : 'configparams force-mem-access 0' command is executed.
15:50:45 INFO  : ----------------XSDB Script----------------
connect -url tcp:127.0.0.1:3121
source C:/Users/chris/Documents/FPGA/TP_contador_uart/TP_counter_uart_ip/TP_counter_uart_ip/TP_counter_uart_ip.sdk/counter_system_wrapper_hw_platform_0/ps7_init.tcl
targets -set -nocase -filter {name =~"APU*" && jtag_cable_name =~ "Digilent Arty Z7 003017BB0A94A"} -index 0
loadhw -hw C:/Users/chris/Documents/FPGA/TP_contador_uart/TP_counter_uart_ip/TP_counter_uart_ip/TP_counter_uart_ip.sdk/counter_system_wrapper_hw_platform_0/system.hdf -mem-ranges [list {0x40000000 0xbfffffff}]
configparams force-mem-access 1
targets -set -nocase -filter {name =~"APU*" && jtag_cable_name =~ "Digilent Arty Z7 003017BB0A94A"} -index 0
stop
ps7_init
ps7_post_config
targets -set -nocase -filter {name =~ "ARM*#0" && jtag_cable_name =~ "Digilent Arty Z7 003017BB0A94A"} -index 0
rst -processor
targets -set -nocase -filter {name =~ "ARM*#0" && jtag_cable_name =~ "Digilent Arty Z7 003017BB0A94A"} -index 0
dow C:/Users/chris/Documents/FPGA/TP_contador_uart/TP_counter_uart_ip/TP_counter_uart_ip/TP_counter_uart_ip.sdk/uart_counter/Debug/uart_counter.elf
configparams force-mem-access 0
----------------End of Script----------------

15:50:45 INFO  : Context for processor 'ps7_cortexa9_0' is selected.
15:50:45 INFO  : 'con' command is executed.
15:50:45 INFO  : ----------------XSDB Script (After Launch)----------------
targets -set -nocase -filter {name =~ "ARM*#0" && jtag_cable_name =~ "Digilent Arty Z7 003017BB0A94A"} -index 0
con
----------------End of Script----------------

15:50:45 INFO  : Disconnected from the channel tcfchan#4.
15:52:12 INFO  : 'targets -set -filter {jtag_cable_name =~ "Digilent Arty Z7 003017BB0A94A" && level==0} -index 1' command is executed.
15:52:12 INFO  : 'fpga -state' command is executed.
15:52:12 INFO  : Connected to target on host '127.0.0.1' and port '3121'.
15:52:12 INFO  : Jtag cable 'Digilent Arty Z7 003017BB0A94A' is selected.
15:52:12 INFO  : 'jtag frequency' command is executed.
15:52:12 INFO  : Sourcing of 'C:/Users/chris/Documents/FPGA/TP_contador_uart/TP_counter_uart_ip/TP_counter_uart_ip/TP_counter_uart_ip.sdk/counter_system_wrapper_hw_platform_0/ps7_init.tcl' is done.
15:52:12 INFO  : Context for 'APU' is selected.
15:52:14 INFO  : Hardware design information is loaded from 'C:/Users/chris/Documents/FPGA/TP_contador_uart/TP_counter_uart_ip/TP_counter_uart_ip/TP_counter_uart_ip.sdk/counter_system_wrapper_hw_platform_0/system.hdf'.
15:52:14 INFO  : 'configparams force-mem-access 1' command is executed.
15:52:14 INFO  : Context for 'APU' is selected.
15:52:14 INFO  : 'stop' command is executed.
15:52:14 INFO  : 'ps7_init' command is executed.
15:52:14 INFO  : 'ps7_post_config' command is executed.
15:52:14 INFO  : Context for processor 'ps7_cortexa9_0' is selected.
15:52:14 INFO  : Processor reset is completed for 'ps7_cortexa9_0'.
15:52:14 INFO  : Context for processor 'ps7_cortexa9_0' is selected.
15:52:14 INFO  : The application 'C:/Users/chris/Documents/FPGA/TP_contador_uart/TP_counter_uart_ip/TP_counter_uart_ip/TP_counter_uart_ip.sdk/uart_counter/Debug/uart_counter.elf' is downloaded to processor 'ps7_cortexa9_0'.
15:52:14 INFO  : 'configparams force-mem-access 0' command is executed.
15:52:14 INFO  : ----------------XSDB Script----------------
connect -url tcp:127.0.0.1:3121
source C:/Users/chris/Documents/FPGA/TP_contador_uart/TP_counter_uart_ip/TP_counter_uart_ip/TP_counter_uart_ip.sdk/counter_system_wrapper_hw_platform_0/ps7_init.tcl
targets -set -nocase -filter {name =~"APU*" && jtag_cable_name =~ "Digilent Arty Z7 003017BB0A94A"} -index 0
loadhw -hw C:/Users/chris/Documents/FPGA/TP_contador_uart/TP_counter_uart_ip/TP_counter_uart_ip/TP_counter_uart_ip.sdk/counter_system_wrapper_hw_platform_0/system.hdf -mem-ranges [list {0x40000000 0xbfffffff}]
configparams force-mem-access 1
targets -set -nocase -filter {name =~"APU*" && jtag_cable_name =~ "Digilent Arty Z7 003017BB0A94A"} -index 0
stop
ps7_init
ps7_post_config
targets -set -nocase -filter {name =~ "ARM*#0" && jtag_cable_name =~ "Digilent Arty Z7 003017BB0A94A"} -index 0
rst -processor
targets -set -nocase -filter {name =~ "ARM*#0" && jtag_cable_name =~ "Digilent Arty Z7 003017BB0A94A"} -index 0
dow C:/Users/chris/Documents/FPGA/TP_contador_uart/TP_counter_uart_ip/TP_counter_uart_ip/TP_counter_uart_ip.sdk/uart_counter/Debug/uart_counter.elf
configparams force-mem-access 0
----------------End of Script----------------

15:52:14 INFO  : Context for processor 'ps7_cortexa9_0' is selected.
15:52:14 INFO  : 'con' command is executed.
15:52:14 INFO  : ----------------XSDB Script (After Launch)----------------
targets -set -nocase -filter {name =~ "ARM*#0" && jtag_cable_name =~ "Digilent Arty Z7 003017BB0A94A"} -index 0
con
----------------End of Script----------------

15:52:14 INFO  : Disconnected from the channel tcfchan#5.
16:32:57 INFO  : 'targets -set -filter {jtag_cable_name =~ "Digilent Arty Z7 003017BB0A94A" && level==0} -index 1' command is executed.
16:32:57 INFO  : 'fpga -state' command is executed.
16:32:57 INFO  : Connected to target on host '127.0.0.1' and port '3121'.
16:32:57 INFO  : Jtag cable 'Digilent Arty Z7 003017BB0A94A' is selected.
16:32:57 INFO  : 'jtag frequency' command is executed.
16:32:57 INFO  : Sourcing of 'C:/Users/chris/Documents/FPGA/TP_contador_uart/TP_counter_uart_ip/TP_counter_uart_ip/TP_counter_uart_ip.sdk/counter_system_wrapper_hw_platform_0/ps7_init.tcl' is done.
16:32:57 INFO  : Context for 'APU' is selected.
16:33:00 INFO  : Hardware design information is loaded from 'C:/Users/chris/Documents/FPGA/TP_contador_uart/TP_counter_uart_ip/TP_counter_uart_ip/TP_counter_uart_ip.sdk/counter_system_wrapper_hw_platform_0/system.hdf'.
16:33:00 INFO  : 'configparams force-mem-access 1' command is executed.
16:33:00 INFO  : Context for 'APU' is selected.
16:33:00 INFO  : 'stop' command is executed.
16:33:01 INFO  : 'ps7_init' command is executed.
16:33:01 INFO  : 'ps7_post_config' command is executed.
16:33:01 INFO  : Context for processor 'ps7_cortexa9_0' is selected.
16:33:01 INFO  : Processor reset is completed for 'ps7_cortexa9_0'.
16:33:01 INFO  : Context for processor 'ps7_cortexa9_0' is selected.
16:33:01 INFO  : The application 'C:/Users/chris/Documents/FPGA/TP_contador_uart/TP_counter_uart_ip/TP_counter_uart_ip/TP_counter_uart_ip.sdk/uart_counter/Debug/uart_counter.elf' is downloaded to processor 'ps7_cortexa9_0'.
16:33:01 INFO  : 'configparams force-mem-access 0' command is executed.
16:33:01 INFO  : ----------------XSDB Script----------------
connect -url tcp:127.0.0.1:3121
source C:/Users/chris/Documents/FPGA/TP_contador_uart/TP_counter_uart_ip/TP_counter_uart_ip/TP_counter_uart_ip.sdk/counter_system_wrapper_hw_platform_0/ps7_init.tcl
targets -set -nocase -filter {name =~"APU*" && jtag_cable_name =~ "Digilent Arty Z7 003017BB0A94A"} -index 0
loadhw -hw C:/Users/chris/Documents/FPGA/TP_contador_uart/TP_counter_uart_ip/TP_counter_uart_ip/TP_counter_uart_ip.sdk/counter_system_wrapper_hw_platform_0/system.hdf -mem-ranges [list {0x40000000 0xbfffffff}]
configparams force-mem-access 1
targets -set -nocase -filter {name =~"APU*" && jtag_cable_name =~ "Digilent Arty Z7 003017BB0A94A"} -index 0
stop
ps7_init
ps7_post_config
targets -set -nocase -filter {name =~ "ARM*#0" && jtag_cable_name =~ "Digilent Arty Z7 003017BB0A94A"} -index 0
rst -processor
targets -set -nocase -filter {name =~ "ARM*#0" && jtag_cable_name =~ "Digilent Arty Z7 003017BB0A94A"} -index 0
dow C:/Users/chris/Documents/FPGA/TP_contador_uart/TP_counter_uart_ip/TP_counter_uart_ip/TP_counter_uart_ip.sdk/uart_counter/Debug/uart_counter.elf
configparams force-mem-access 0
----------------End of Script----------------

16:33:01 INFO  : Context for processor 'ps7_cortexa9_0' is selected.
16:33:01 INFO  : 'con' command is executed.
16:33:01 INFO  : ----------------XSDB Script (After Launch)----------------
targets -set -nocase -filter {name =~ "ARM*#0" && jtag_cable_name =~ "Digilent Arty Z7 003017BB0A94A"} -index 0
con
----------------End of Script----------------

16:33:01 INFO  : Disconnected from the channel tcfchan#6.
16:35:29 INFO  : 'targets -set -filter {jtag_cable_name =~ "Digilent Arty Z7 003017BB0A94A" && level==0} -index 1' command is executed.
16:35:29 INFO  : 'fpga -state' command is executed.
16:35:29 INFO  : Connected to target on host '127.0.0.1' and port '3121'.
16:35:29 INFO  : Jtag cable 'Digilent Arty Z7 003017BB0A94A' is selected.
16:35:29 INFO  : 'jtag frequency' command is executed.
16:35:29 INFO  : Sourcing of 'C:/Users/chris/Documents/FPGA/TP_contador_uart/TP_counter_uart_ip/TP_counter_uart_ip/TP_counter_uart_ip.sdk/counter_system_wrapper_hw_platform_0/ps7_init.tcl' is done.
16:35:29 INFO  : Context for 'APU' is selected.
16:35:30 INFO  : Hardware design information is loaded from 'C:/Users/chris/Documents/FPGA/TP_contador_uart/TP_counter_uart_ip/TP_counter_uart_ip/TP_counter_uart_ip.sdk/counter_system_wrapper_hw_platform_0/system.hdf'.
16:35:30 INFO  : 'configparams force-mem-access 1' command is executed.
16:35:30 INFO  : Context for 'APU' is selected.
16:35:30 INFO  : 'stop' command is executed.
16:35:31 INFO  : 'ps7_init' command is executed.
16:35:31 INFO  : 'ps7_post_config' command is executed.
16:35:31 INFO  : Context for processor 'ps7_cortexa9_0' is selected.
16:35:31 INFO  : Processor reset is completed for 'ps7_cortexa9_0'.
16:35:31 INFO  : Context for processor 'ps7_cortexa9_0' is selected.
16:35:31 INFO  : The application 'C:/Users/chris/Documents/FPGA/TP_contador_uart/TP_counter_uart_ip/TP_counter_uart_ip/TP_counter_uart_ip.sdk/uart_counter/Debug/uart_counter.elf' is downloaded to processor 'ps7_cortexa9_0'.
16:35:31 INFO  : 'configparams force-mem-access 0' command is executed.
16:35:31 INFO  : ----------------XSDB Script----------------
connect -url tcp:127.0.0.1:3121
source C:/Users/chris/Documents/FPGA/TP_contador_uart/TP_counter_uart_ip/TP_counter_uart_ip/TP_counter_uart_ip.sdk/counter_system_wrapper_hw_platform_0/ps7_init.tcl
targets -set -nocase -filter {name =~"APU*" && jtag_cable_name =~ "Digilent Arty Z7 003017BB0A94A"} -index 0
loadhw -hw C:/Users/chris/Documents/FPGA/TP_contador_uart/TP_counter_uart_ip/TP_counter_uart_ip/TP_counter_uart_ip.sdk/counter_system_wrapper_hw_platform_0/system.hdf -mem-ranges [list {0x40000000 0xbfffffff}]
configparams force-mem-access 1
targets -set -nocase -filter {name =~"APU*" && jtag_cable_name =~ "Digilent Arty Z7 003017BB0A94A"} -index 0
stop
ps7_init
ps7_post_config
targets -set -nocase -filter {name =~ "ARM*#0" && jtag_cable_name =~ "Digilent Arty Z7 003017BB0A94A"} -index 0
rst -processor
targets -set -nocase -filter {name =~ "ARM*#0" && jtag_cable_name =~ "Digilent Arty Z7 003017BB0A94A"} -index 0
dow C:/Users/chris/Documents/FPGA/TP_contador_uart/TP_counter_uart_ip/TP_counter_uart_ip/TP_counter_uart_ip.sdk/uart_counter/Debug/uart_counter.elf
configparams force-mem-access 0
----------------End of Script----------------

16:35:31 INFO  : Context for processor 'ps7_cortexa9_0' is selected.
16:35:31 INFO  : 'con' command is executed.
16:35:31 INFO  : ----------------XSDB Script (After Launch)----------------
targets -set -nocase -filter {name =~ "ARM*#0" && jtag_cable_name =~ "Digilent Arty Z7 003017BB0A94A"} -index 0
con
----------------End of Script----------------

16:35:31 INFO  : Disconnected from the channel tcfchan#7.
16:54:04 INFO  : 'targets -set -filter {jtag_cable_name =~ "Digilent Arty Z7 003017BB0A94A" && level==0} -index 1' command is executed.
16:54:04 INFO  : 'fpga -state' command is executed.
16:54:04 INFO  : Connected to target on host '127.0.0.1' and port '3121'.
16:54:04 INFO  : Jtag cable 'Digilent Arty Z7 003017BB0A94A' is selected.
16:54:04 INFO  : 'jtag frequency' command is executed.
16:54:04 INFO  : Sourcing of 'C:/Users/chris/Documents/FPGA/TP_contador_uart/TP_counter_uart_ip/TP_counter_uart_ip/TP_counter_uart_ip.sdk/counter_system_wrapper_hw_platform_0/ps7_init.tcl' is done.
16:54:04 INFO  : Context for 'APU' is selected.
16:54:04 INFO  : Hardware design information is loaded from 'C:/Users/chris/Documents/FPGA/TP_contador_uart/TP_counter_uart_ip/TP_counter_uart_ip/TP_counter_uart_ip.sdk/counter_system_wrapper_hw_platform_0/system.hdf'.
16:54:04 INFO  : 'configparams force-mem-access 1' command is executed.
16:54:04 INFO  : Context for 'APU' is selected.
16:54:04 INFO  : 'stop' command is executed.
16:54:04 INFO  : 'ps7_init' command is executed.
16:54:04 INFO  : 'ps7_post_config' command is executed.
16:54:04 INFO  : Context for processor 'ps7_cortexa9_0' is selected.
16:54:04 INFO  : Processor reset is completed for 'ps7_cortexa9_0'.
16:54:04 INFO  : Context for processor 'ps7_cortexa9_0' is selected.
16:54:05 INFO  : The application 'C:/Users/chris/Documents/FPGA/TP_contador_uart/TP_counter_uart_ip/TP_counter_uart_ip/TP_counter_uart_ip.sdk/uart_counter/Debug/uart_counter.elf' is downloaded to processor 'ps7_cortexa9_0'.
16:54:05 INFO  : 'configparams force-mem-access 0' command is executed.
16:54:05 INFO  : ----------------XSDB Script----------------
connect -url tcp:127.0.0.1:3121
source C:/Users/chris/Documents/FPGA/TP_contador_uart/TP_counter_uart_ip/TP_counter_uart_ip/TP_counter_uart_ip.sdk/counter_system_wrapper_hw_platform_0/ps7_init.tcl
targets -set -nocase -filter {name =~"APU*" && jtag_cable_name =~ "Digilent Arty Z7 003017BB0A94A"} -index 0
loadhw -hw C:/Users/chris/Documents/FPGA/TP_contador_uart/TP_counter_uart_ip/TP_counter_uart_ip/TP_counter_uart_ip.sdk/counter_system_wrapper_hw_platform_0/system.hdf -mem-ranges [list {0x40000000 0xbfffffff}]
configparams force-mem-access 1
targets -set -nocase -filter {name =~"APU*" && jtag_cable_name =~ "Digilent Arty Z7 003017BB0A94A"} -index 0
stop
ps7_init
ps7_post_config
targets -set -nocase -filter {name =~ "ARM*#0" && jtag_cable_name =~ "Digilent Arty Z7 003017BB0A94A"} -index 0
rst -processor
targets -set -nocase -filter {name =~ "ARM*#0" && jtag_cable_name =~ "Digilent Arty Z7 003017BB0A94A"} -index 0
dow C:/Users/chris/Documents/FPGA/TP_contador_uart/TP_counter_uart_ip/TP_counter_uart_ip/TP_counter_uart_ip.sdk/uart_counter/Debug/uart_counter.elf
configparams force-mem-access 0
----------------End of Script----------------

16:54:05 INFO  : Context for processor 'ps7_cortexa9_0' is selected.
16:54:05 INFO  : 'con' command is executed.
16:54:05 INFO  : ----------------XSDB Script (After Launch)----------------
targets -set -nocase -filter {name =~ "ARM*#0" && jtag_cable_name =~ "Digilent Arty Z7 003017BB0A94A"} -index 0
con
----------------End of Script----------------

16:54:05 INFO  : Disconnected from the channel tcfchan#8.
16:54:29 INFO  : 'targets -set -filter {jtag_cable_name =~ "Digilent Arty Z7 003017BB0A94A" && level==0} -index 1' command is executed.
16:54:29 INFO  : 'fpga -state' command is executed.
16:54:29 INFO  : Connected to target on host '127.0.0.1' and port '3121'.
16:54:29 INFO  : Jtag cable 'Digilent Arty Z7 003017BB0A94A' is selected.
16:54:29 INFO  : 'jtag frequency' command is executed.
16:54:29 INFO  : Sourcing of 'C:/Users/chris/Documents/FPGA/TP_contador_uart/TP_counter_uart_ip/TP_counter_uart_ip/TP_counter_uart_ip.sdk/counter_system_wrapper_hw_platform_0/ps7_init.tcl' is done.
16:54:29 INFO  : Context for 'APU' is selected.
16:54:30 INFO  : Hardware design information is loaded from 'C:/Users/chris/Documents/FPGA/TP_contador_uart/TP_counter_uart_ip/TP_counter_uart_ip/TP_counter_uart_ip.sdk/counter_system_wrapper_hw_platform_0/system.hdf'.
16:54:30 INFO  : 'configparams force-mem-access 1' command is executed.
16:54:31 INFO  : Context for 'APU' is selected.
16:54:31 INFO  : 'stop' command is executed.
16:54:31 INFO  : 'ps7_init' command is executed.
16:54:31 INFO  : 'ps7_post_config' command is executed.
16:54:31 INFO  : Context for processor 'ps7_cortexa9_0' is selected.
16:54:31 INFO  : Processor reset is completed for 'ps7_cortexa9_0'.
16:54:31 INFO  : Context for processor 'ps7_cortexa9_0' is selected.
16:54:31 INFO  : The application 'C:/Users/chris/Documents/FPGA/TP_contador_uart/TP_counter_uart_ip/TP_counter_uart_ip/TP_counter_uart_ip.sdk/uart_counter/Debug/uart_counter.elf' is downloaded to processor 'ps7_cortexa9_0'.
16:54:31 INFO  : 'configparams force-mem-access 0' command is executed.
16:54:31 INFO  : ----------------XSDB Script----------------
connect -url tcp:127.0.0.1:3121
source C:/Users/chris/Documents/FPGA/TP_contador_uart/TP_counter_uart_ip/TP_counter_uart_ip/TP_counter_uart_ip.sdk/counter_system_wrapper_hw_platform_0/ps7_init.tcl
targets -set -nocase -filter {name =~"APU*" && jtag_cable_name =~ "Digilent Arty Z7 003017BB0A94A"} -index 0
loadhw -hw C:/Users/chris/Documents/FPGA/TP_contador_uart/TP_counter_uart_ip/TP_counter_uart_ip/TP_counter_uart_ip.sdk/counter_system_wrapper_hw_platform_0/system.hdf -mem-ranges [list {0x40000000 0xbfffffff}]
configparams force-mem-access 1
targets -set -nocase -filter {name =~"APU*" && jtag_cable_name =~ "Digilent Arty Z7 003017BB0A94A"} -index 0
stop
ps7_init
ps7_post_config
targets -set -nocase -filter {name =~ "ARM*#0" && jtag_cable_name =~ "Digilent Arty Z7 003017BB0A94A"} -index 0
rst -processor
targets -set -nocase -filter {name =~ "ARM*#0" && jtag_cable_name =~ "Digilent Arty Z7 003017BB0A94A"} -index 0
dow C:/Users/chris/Documents/FPGA/TP_contador_uart/TP_counter_uart_ip/TP_counter_uart_ip/TP_counter_uart_ip.sdk/uart_counter/Debug/uart_counter.elf
configparams force-mem-access 0
----------------End of Script----------------

16:54:31 INFO  : Memory regions updated for context APU
16:54:32 INFO  : Context for processor 'ps7_cortexa9_0' is selected.
16:54:32 INFO  : 'con' command is executed.
16:54:32 INFO  : ----------------XSDB Script (After Launch)----------------
targets -set -nocase -filter {name =~ "ARM*#0" && jtag_cable_name =~ "Digilent Arty Z7 003017BB0A94A"} -index 0
con
----------------End of Script----------------

16:54:32 INFO  : Launch script is exported to file 'C:\Users\chris\Documents\FPGA\TP_contador_uart\TP_counter_uart_ip\TP_counter_uart_ip\TP_counter_uart_ip.sdk\.sdk\launch_scripts\xilinx_c-c++_application_(system_debugger)\system_debugger_using_debug_uart_counter.elf_on_local.tcl'
16:57:10 INFO  : Disconnected from the channel tcfchan#9.
16:57:43 INFO  : 'targets -set -filter {jtag_cable_name =~ "Digilent Arty Z7 003017BB0A94A" && level==0} -index 1' command is executed.
16:57:43 INFO  : 'fpga -state' command is executed.
16:57:43 INFO  : Connected to target on host '127.0.0.1' and port '3121'.
16:57:44 INFO  : Jtag cable 'Digilent Arty Z7 003017BB0A94A' is selected.
16:57:44 INFO  : 'jtag frequency' command is executed.
16:57:44 INFO  : Sourcing of 'C:/Users/chris/Documents/FPGA/TP_contador_uart/TP_counter_uart_ip/TP_counter_uart_ip/TP_counter_uart_ip.sdk/counter_system_wrapper_hw_platform_0/ps7_init.tcl' is done.
16:57:44 INFO  : Context for 'APU' is selected.
16:57:45 INFO  : Hardware design information is loaded from 'C:/Users/chris/Documents/FPGA/TP_contador_uart/TP_counter_uart_ip/TP_counter_uart_ip/TP_counter_uart_ip.sdk/counter_system_wrapper_hw_platform_0/system.hdf'.
16:57:45 INFO  : 'configparams force-mem-access 1' command is executed.
16:57:45 INFO  : Context for 'APU' is selected.
16:57:45 INFO  : 'stop' command is executed.
16:57:45 INFO  : 'ps7_init' command is executed.
16:57:45 INFO  : 'ps7_post_config' command is executed.
16:57:45 INFO  : Context for processor 'ps7_cortexa9_0' is selected.
16:57:45 INFO  : Processor reset is completed for 'ps7_cortexa9_0'.
16:57:45 INFO  : Context for processor 'ps7_cortexa9_0' is selected.
16:57:45 INFO  : The application 'C:/Users/chris/Documents/FPGA/TP_contador_uart/TP_counter_uart_ip/TP_counter_uart_ip/TP_counter_uart_ip.sdk/uart_counter/Debug/uart_counter.elf' is downloaded to processor 'ps7_cortexa9_0'.
16:57:45 INFO  : 'configparams force-mem-access 0' command is executed.
16:57:45 INFO  : ----------------XSDB Script----------------
connect -url tcp:127.0.0.1:3121
source C:/Users/chris/Documents/FPGA/TP_contador_uart/TP_counter_uart_ip/TP_counter_uart_ip/TP_counter_uart_ip.sdk/counter_system_wrapper_hw_platform_0/ps7_init.tcl
targets -set -nocase -filter {name =~"APU*" && jtag_cable_name =~ "Digilent Arty Z7 003017BB0A94A"} -index 0
loadhw -hw C:/Users/chris/Documents/FPGA/TP_contador_uart/TP_counter_uart_ip/TP_counter_uart_ip/TP_counter_uart_ip.sdk/counter_system_wrapper_hw_platform_0/system.hdf -mem-ranges [list {0x40000000 0xbfffffff}]
configparams force-mem-access 1
targets -set -nocase -filter {name =~"APU*" && jtag_cable_name =~ "Digilent Arty Z7 003017BB0A94A"} -index 0
stop
ps7_init
ps7_post_config
targets -set -nocase -filter {name =~ "ARM*#0" && jtag_cable_name =~ "Digilent Arty Z7 003017BB0A94A"} -index 0
rst -processor
targets -set -nocase -filter {name =~ "ARM*#0" && jtag_cable_name =~ "Digilent Arty Z7 003017BB0A94A"} -index 0
dow C:/Users/chris/Documents/FPGA/TP_contador_uart/TP_counter_uart_ip/TP_counter_uart_ip/TP_counter_uart_ip.sdk/uart_counter/Debug/uart_counter.elf
configparams force-mem-access 0
----------------End of Script----------------

16:57:45 INFO  : Memory regions updated for context APU
16:57:45 INFO  : Context for processor 'ps7_cortexa9_0' is selected.
16:57:45 INFO  : 'con' command is executed.
16:57:45 INFO  : ----------------XSDB Script (After Launch)----------------
targets -set -nocase -filter {name =~ "ARM*#0" && jtag_cable_name =~ "Digilent Arty Z7 003017BB0A94A"} -index 0
con
----------------End of Script----------------

16:57:45 INFO  : Launch script is exported to file 'C:\Users\chris\Documents\FPGA\TP_contador_uart\TP_counter_uart_ip\TP_counter_uart_ip\TP_counter_uart_ip.sdk\.sdk\launch_scripts\xilinx_c-c++_application_(system_debugger)\system_debugger_using_debug_uart_counter.elf_on_local.tcl'
16:59:11 INFO  : Disconnected from the channel tcfchan#10.
16:59:12 INFO  : 'targets -set -filter {jtag_cable_name =~ "Digilent Arty Z7 003017BB0A94A" && level==0} -index 1' command is executed.
16:59:12 INFO  : 'fpga -state' command is executed.
16:59:12 INFO  : Connected to target on host '127.0.0.1' and port '3121'.
16:59:13 INFO  : Jtag cable 'Digilent Arty Z7 003017BB0A94A' is selected.
16:59:13 INFO  : 'jtag frequency' command is executed.
16:59:13 INFO  : Sourcing of 'C:/Users/chris/Documents/FPGA/TP_contador_uart/TP_counter_uart_ip/TP_counter_uart_ip/TP_counter_uart_ip.sdk/counter_system_wrapper_hw_platform_0/ps7_init.tcl' is done.
16:59:13 INFO  : Context for 'APU' is selected.
16:59:14 INFO  : Hardware design information is loaded from 'C:/Users/chris/Documents/FPGA/TP_contador_uart/TP_counter_uart_ip/TP_counter_uart_ip/TP_counter_uart_ip.sdk/counter_system_wrapper_hw_platform_0/system.hdf'.
16:59:14 INFO  : 'configparams force-mem-access 1' command is executed.
16:59:14 INFO  : Context for 'APU' is selected.
16:59:14 INFO  : 'stop' command is executed.
16:59:15 INFO  : 'ps7_init' command is executed.
16:59:15 INFO  : 'ps7_post_config' command is executed.
16:59:15 INFO  : Context for processor 'ps7_cortexa9_0' is selected.
16:59:15 INFO  : Processor reset is completed for 'ps7_cortexa9_0'.
16:59:15 INFO  : Context for processor 'ps7_cortexa9_0' is selected.
16:59:15 INFO  : The application 'C:/Users/chris/Documents/FPGA/TP_contador_uart/TP_counter_uart_ip/TP_counter_uart_ip/TP_counter_uart_ip.sdk/uart_counter/Debug/uart_counter.elf' is downloaded to processor 'ps7_cortexa9_0'.
16:59:15 INFO  : 'configparams force-mem-access 0' command is executed.
16:59:15 INFO  : ----------------XSDB Script----------------
connect -url tcp:127.0.0.1:3121
source C:/Users/chris/Documents/FPGA/TP_contador_uart/TP_counter_uart_ip/TP_counter_uart_ip/TP_counter_uart_ip.sdk/counter_system_wrapper_hw_platform_0/ps7_init.tcl
targets -set -nocase -filter {name =~"APU*" && jtag_cable_name =~ "Digilent Arty Z7 003017BB0A94A"} -index 0
loadhw -hw C:/Users/chris/Documents/FPGA/TP_contador_uart/TP_counter_uart_ip/TP_counter_uart_ip/TP_counter_uart_ip.sdk/counter_system_wrapper_hw_platform_0/system.hdf -mem-ranges [list {0x40000000 0xbfffffff}]
configparams force-mem-access 1
targets -set -nocase -filter {name =~"APU*" && jtag_cable_name =~ "Digilent Arty Z7 003017BB0A94A"} -index 0
stop
ps7_init
ps7_post_config
targets -set -nocase -filter {name =~ "ARM*#0" && jtag_cable_name =~ "Digilent Arty Z7 003017BB0A94A"} -index 0
rst -processor
targets -set -nocase -filter {name =~ "ARM*#0" && jtag_cable_name =~ "Digilent Arty Z7 003017BB0A94A"} -index 0
dow C:/Users/chris/Documents/FPGA/TP_contador_uart/TP_counter_uart_ip/TP_counter_uart_ip/TP_counter_uart_ip.sdk/uart_counter/Debug/uart_counter.elf
configparams force-mem-access 0
----------------End of Script----------------

16:59:15 INFO  : Memory regions updated for context APU
16:59:15 INFO  : Context for processor 'ps7_cortexa9_0' is selected.
16:59:15 INFO  : 'con' command is executed.
16:59:15 INFO  : ----------------XSDB Script (After Launch)----------------
targets -set -nocase -filter {name =~ "ARM*#0" && jtag_cable_name =~ "Digilent Arty Z7 003017BB0A94A"} -index 0
con
----------------End of Script----------------

16:59:15 INFO  : Launch script is exported to file 'C:\Users\chris\Documents\FPGA\TP_contador_uart\TP_counter_uart_ip\TP_counter_uart_ip\TP_counter_uart_ip.sdk\.sdk\launch_scripts\xilinx_c-c++_application_(system_debugger)\system_debugger_using_debug_uart_counter.elf_on_local.tcl'
17:02:46 INFO  : Disconnected from the channel tcfchan#11.
17:02:48 INFO  : 'targets -set -filter {jtag_cable_name =~ "Digilent Arty Z7 003017BB0A94A" && level==0} -index 1' command is executed.
17:02:48 INFO  : 'fpga -state' command is executed.
17:02:48 INFO  : Connected to target on host '127.0.0.1' and port '3121'.
17:02:48 INFO  : Jtag cable 'Digilent Arty Z7 003017BB0A94A' is selected.
17:02:48 INFO  : 'jtag frequency' command is executed.
17:02:48 INFO  : Sourcing of 'C:/Users/chris/Documents/FPGA/TP_contador_uart/TP_counter_uart_ip/TP_counter_uart_ip/TP_counter_uart_ip.sdk/counter_system_wrapper_hw_platform_0/ps7_init.tcl' is done.
17:02:48 INFO  : Context for 'APU' is selected.
17:02:49 INFO  : Hardware design information is loaded from 'C:/Users/chris/Documents/FPGA/TP_contador_uart/TP_counter_uart_ip/TP_counter_uart_ip/TP_counter_uart_ip.sdk/counter_system_wrapper_hw_platform_0/system.hdf'.
17:02:49 INFO  : 'configparams force-mem-access 1' command is executed.
17:02:49 INFO  : Context for 'APU' is selected.
17:02:50 INFO  : 'stop' command is executed.
17:02:50 INFO  : 'ps7_init' command is executed.
17:02:50 INFO  : 'ps7_post_config' command is executed.
17:02:50 INFO  : Context for processor 'ps7_cortexa9_0' is selected.
17:02:50 INFO  : Processor reset is completed for 'ps7_cortexa9_0'.
17:02:50 INFO  : Context for processor 'ps7_cortexa9_0' is selected.
17:02:50 INFO  : The application 'C:/Users/chris/Documents/FPGA/TP_contador_uart/TP_counter_uart_ip/TP_counter_uart_ip/TP_counter_uart_ip.sdk/uart_counter/Debug/uart_counter.elf' is downloaded to processor 'ps7_cortexa9_0'.
17:02:50 INFO  : 'configparams force-mem-access 0' command is executed.
17:02:50 INFO  : ----------------XSDB Script----------------
connect -url tcp:127.0.0.1:3121
source C:/Users/chris/Documents/FPGA/TP_contador_uart/TP_counter_uart_ip/TP_counter_uart_ip/TP_counter_uart_ip.sdk/counter_system_wrapper_hw_platform_0/ps7_init.tcl
targets -set -nocase -filter {name =~"APU*" && jtag_cable_name =~ "Digilent Arty Z7 003017BB0A94A"} -index 0
loadhw -hw C:/Users/chris/Documents/FPGA/TP_contador_uart/TP_counter_uart_ip/TP_counter_uart_ip/TP_counter_uart_ip.sdk/counter_system_wrapper_hw_platform_0/system.hdf -mem-ranges [list {0x40000000 0xbfffffff}]
configparams force-mem-access 1
targets -set -nocase -filter {name =~"APU*" && jtag_cable_name =~ "Digilent Arty Z7 003017BB0A94A"} -index 0
stop
ps7_init
ps7_post_config
targets -set -nocase -filter {name =~ "ARM*#0" && jtag_cable_name =~ "Digilent Arty Z7 003017BB0A94A"} -index 0
rst -processor
targets -set -nocase -filter {name =~ "ARM*#0" && jtag_cable_name =~ "Digilent Arty Z7 003017BB0A94A"} -index 0
dow C:/Users/chris/Documents/FPGA/TP_contador_uart/TP_counter_uart_ip/TP_counter_uart_ip/TP_counter_uart_ip.sdk/uart_counter/Debug/uart_counter.elf
configparams force-mem-access 0
----------------End of Script----------------

17:02:51 INFO  : Memory regions updated for context APU
17:02:51 INFO  : Context for processor 'ps7_cortexa9_0' is selected.
17:02:51 INFO  : 'con' command is executed.
17:02:51 INFO  : ----------------XSDB Script (After Launch)----------------
targets -set -nocase -filter {name =~ "ARM*#0" && jtag_cable_name =~ "Digilent Arty Z7 003017BB0A94A"} -index 0
con
----------------End of Script----------------

17:02:51 INFO  : Launch script is exported to file 'C:\Users\chris\Documents\FPGA\TP_contador_uart\TP_counter_uart_ip\TP_counter_uart_ip\TP_counter_uart_ip.sdk\.sdk\launch_scripts\xilinx_c-c++_application_(system_debugger)\system_debugger_using_debug_uart_counter.elf_on_local.tcl'
17:03:20 INFO  : Disconnected from the channel tcfchan#12.
17:09:40 INFO  : Registering command handlers for SDK TCF services
17:09:41 INFO  : Launching XSCT server: xsct.bat -interactive C:\Users\chris\Documents\FPGA\TP_contador_uart\TP_counter_uart_ip\TP_counter_uart_ip\TP_counter_uart_ip.sdk\temp_xsdb_launch_script.tcl
17:09:47 INFO  : XSCT server has started successfully.
17:09:53 INFO  : Successfully done setting XSCT server connection channel  
17:09:53 INFO  : Processing command line option -hwspec C:/Users/chris/Documents/FPGA/TP_contador_uart/TP_counter_uart_ip/TP_counter_uart_ip/TP_counter_uart_ip.sdk/counter_system_wrapper.hdf.
17:10:02 INFO  : Successfully done setting SDK workspace  
17:10:03 INFO  : Checking for hwspec changes in the project counter_system_wrapper_hw_platform_0.
17:13:07 INFO  : Registering command handlers for SDK TCF services
17:13:08 INFO  : Launching XSCT server: xsct.bat -interactive C:\Users\chris\Documents\FPGA\TP_contador_uart\TP_counter_uart_ip\TP_counter_uart_ip\TP_counter_uart_ip.sdk\temp_xsdb_launch_script.tcl
17:13:13 INFO  : XSCT server has started successfully.
17:13:20 INFO  : Successfully done setting XSCT server connection channel  
17:13:20 INFO  : Successfully done setting SDK workspace  
17:13:20 INFO  : Processing command line option -hwspec C:/Users/chris/Documents/FPGA/TP_contador_uart/TP_counter_uart_ip/TP_counter_uart_ip/TP_counter_uart_ip.sdk/counter_system_wrapper.hdf.
17:13:20 INFO  : Checking for hwspec changes in the project counter_system_wrapper_hw_platform_0.
17:27:01 INFO  : 'targets -set -filter {jtag_cable_name =~ "Digilent Arty Z7 003017BB0A94A" && level==0} -index 1' command is executed.
17:27:01 INFO  : 'fpga -state' command is executed.
17:27:01 INFO  : Connected to target on host '127.0.0.1' and port '3121'.
17:27:01 INFO  : Jtag cable 'Digilent Arty Z7 003017BB0A94A' is selected.
17:27:01 INFO  : 'jtag frequency' command is executed.
17:27:01 INFO  : Sourcing of 'C:/Users/chris/Documents/FPGA/TP_contador_uart/TP_counter_uart_ip/TP_counter_uart_ip/TP_counter_uart_ip.sdk/counter_system_wrapper_hw_platform_0/ps7_init.tcl' is done.
17:27:01 INFO  : Context for 'APU' is selected.
17:27:01 INFO  : Hardware design information is loaded from 'C:/Users/chris/Documents/FPGA/TP_contador_uart/TP_counter_uart_ip/TP_counter_uart_ip/TP_counter_uart_ip.sdk/counter_system_wrapper_hw_platform_0/system.hdf'.
17:27:01 INFO  : 'configparams force-mem-access 1' command is executed.
17:27:01 INFO  : Context for 'APU' is selected.
17:27:01 INFO  : 'stop' command is executed.
17:27:02 INFO  : 'ps7_init' command is executed.
17:27:02 INFO  : 'ps7_post_config' command is executed.
17:27:02 INFO  : Context for processor 'ps7_cortexa9_0' is selected.
17:27:02 INFO  : Processor reset is completed for 'ps7_cortexa9_0'.
17:27:02 INFO  : Context for processor 'ps7_cortexa9_0' is selected.
17:27:02 INFO  : The application 'C:/Users/chris/Documents/FPGA/TP_contador_uart/TP_counter_uart_ip/TP_counter_uart_ip/TP_counter_uart_ip.sdk/uart_counter/Debug/uart_counter.elf' is downloaded to processor 'ps7_cortexa9_0'.
17:27:02 INFO  : 'configparams force-mem-access 0' command is executed.
17:27:02 INFO  : ----------------XSDB Script----------------
connect -url tcp:127.0.0.1:3121
source C:/Users/chris/Documents/FPGA/TP_contador_uart/TP_counter_uart_ip/TP_counter_uart_ip/TP_counter_uart_ip.sdk/counter_system_wrapper_hw_platform_0/ps7_init.tcl
targets -set -nocase -filter {name =~"APU*" && jtag_cable_name =~ "Digilent Arty Z7 003017BB0A94A"} -index 0
loadhw -hw C:/Users/chris/Documents/FPGA/TP_contador_uart/TP_counter_uart_ip/TP_counter_uart_ip/TP_counter_uart_ip.sdk/counter_system_wrapper_hw_platform_0/system.hdf -mem-ranges [list {0x40000000 0xbfffffff}]
configparams force-mem-access 1
targets -set -nocase -filter {name =~"APU*" && jtag_cable_name =~ "Digilent Arty Z7 003017BB0A94A"} -index 0
stop
ps7_init
ps7_post_config
targets -set -nocase -filter {name =~ "ARM*#0" && jtag_cable_name =~ "Digilent Arty Z7 003017BB0A94A"} -index 0
rst -processor
targets -set -nocase -filter {name =~ "ARM*#0" && jtag_cable_name =~ "Digilent Arty Z7 003017BB0A94A"} -index 0
dow C:/Users/chris/Documents/FPGA/TP_contador_uart/TP_counter_uart_ip/TP_counter_uart_ip/TP_counter_uart_ip.sdk/uart_counter/Debug/uart_counter.elf
configparams force-mem-access 0
----------------End of Script----------------

17:27:03 INFO  : Memory regions updated for context APU
17:27:03 INFO  : Context for processor 'ps7_cortexa9_0' is selected.
17:27:03 INFO  : 'con' command is executed.
17:27:03 INFO  : ----------------XSDB Script (After Launch)----------------
targets -set -nocase -filter {name =~ "ARM*#0" && jtag_cable_name =~ "Digilent Arty Z7 003017BB0A94A"} -index 0
con
----------------End of Script----------------

17:27:03 INFO  : Launch script is exported to file 'C:\Users\chris\Documents\FPGA\TP_contador_uart\TP_counter_uart_ip\TP_counter_uart_ip\TP_counter_uart_ip.sdk\.sdk\launch_scripts\xilinx_c-c++_application_(system_debugger)\system_debugger_using_debug_uart_counter.elf_on_local.tcl'
17:39:22 INFO  : Disconnected from the channel tcfchan#1.
17:39:23 INFO  : 'targets -set -filter {jtag_cable_name =~ "Digilent Arty Z7 003017BB0A94A" && level==0} -index 1' command is executed.
17:39:23 INFO  : 'fpga -state' command is executed.
17:39:23 INFO  : Connected to target on host '127.0.0.1' and port '3121'.
17:39:23 INFO  : Jtag cable 'Digilent Arty Z7 003017BB0A94A' is selected.
17:39:23 INFO  : 'jtag frequency' command is executed.
17:39:23 INFO  : Sourcing of 'C:/Users/chris/Documents/FPGA/TP_contador_uart/TP_counter_uart_ip/TP_counter_uart_ip/TP_counter_uart_ip.sdk/counter_system_wrapper_hw_platform_0/ps7_init.tcl' is done.
17:39:23 INFO  : Context for 'APU' is selected.
17:39:25 INFO  : Hardware design information is loaded from 'C:/Users/chris/Documents/FPGA/TP_contador_uart/TP_counter_uart_ip/TP_counter_uart_ip/TP_counter_uart_ip.sdk/counter_system_wrapper_hw_platform_0/system.hdf'.
17:39:25 INFO  : 'configparams force-mem-access 1' command is executed.
17:39:25 INFO  : Context for 'APU' is selected.
17:39:26 INFO  : 'stop' command is executed.
17:39:26 INFO  : 'ps7_init' command is executed.
17:39:26 INFO  : 'ps7_post_config' command is executed.
17:39:26 INFO  : Context for processor 'ps7_cortexa9_0' is selected.
17:39:26 INFO  : Processor reset is completed for 'ps7_cortexa9_0'.
17:39:26 INFO  : Context for processor 'ps7_cortexa9_0' is selected.
17:39:26 INFO  : The application 'C:/Users/chris/Documents/FPGA/TP_contador_uart/TP_counter_uart_ip/TP_counter_uart_ip/TP_counter_uart_ip.sdk/uart_counter/Debug/uart_counter.elf' is downloaded to processor 'ps7_cortexa9_0'.
17:39:26 INFO  : 'configparams force-mem-access 0' command is executed.
17:39:26 INFO  : ----------------XSDB Script----------------
connect -url tcp:127.0.0.1:3121
source C:/Users/chris/Documents/FPGA/TP_contador_uart/TP_counter_uart_ip/TP_counter_uart_ip/TP_counter_uart_ip.sdk/counter_system_wrapper_hw_platform_0/ps7_init.tcl
targets -set -nocase -filter {name =~"APU*" && jtag_cable_name =~ "Digilent Arty Z7 003017BB0A94A"} -index 0
loadhw -hw C:/Users/chris/Documents/FPGA/TP_contador_uart/TP_counter_uart_ip/TP_counter_uart_ip/TP_counter_uart_ip.sdk/counter_system_wrapper_hw_platform_0/system.hdf -mem-ranges [list {0x40000000 0xbfffffff}]
configparams force-mem-access 1
targets -set -nocase -filter {name =~"APU*" && jtag_cable_name =~ "Digilent Arty Z7 003017BB0A94A"} -index 0
stop
ps7_init
ps7_post_config
targets -set -nocase -filter {name =~ "ARM*#0" && jtag_cable_name =~ "Digilent Arty Z7 003017BB0A94A"} -index 0
rst -processor
targets -set -nocase -filter {name =~ "ARM*#0" && jtag_cable_name =~ "Digilent Arty Z7 003017BB0A94A"} -index 0
dow C:/Users/chris/Documents/FPGA/TP_contador_uart/TP_counter_uart_ip/TP_counter_uart_ip/TP_counter_uart_ip.sdk/uart_counter/Debug/uart_counter.elf
configparams force-mem-access 0
----------------End of Script----------------

17:39:26 INFO  : Memory regions updated for context APU
17:39:26 INFO  : Context for processor 'ps7_cortexa9_0' is selected.
17:39:26 INFO  : 'con' command is executed.
17:39:26 INFO  : ----------------XSDB Script (After Launch)----------------
targets -set -nocase -filter {name =~ "ARM*#0" && jtag_cable_name =~ "Digilent Arty Z7 003017BB0A94A"} -index 0
con
----------------End of Script----------------

17:39:26 INFO  : Launch script is exported to file 'C:\Users\chris\Documents\FPGA\TP_contador_uart\TP_counter_uart_ip\TP_counter_uart_ip\TP_counter_uart_ip.sdk\.sdk\launch_scripts\xilinx_c-c++_application_(system_debugger)\system_debugger_using_debug_uart_counter.elf_on_local.tcl'
17:40:18 INFO  : Connected to target on host '127.0.0.1' and port '3121'.
17:40:18 INFO  : 'targets -set -filter {jtag_cable_name =~ "Digilent Arty Z7 003017BB0A94A" && level==0} -index 1' command is executed.
17:40:19 INFO  : FPGA configured successfully with bitstream "C:/Users/chris/Documents/FPGA/TP_contador_uart/TP_counter_uart_ip/TP_counter_uart_ip/TP_counter_uart_ip.sdk/counter_system_wrapper_hw_platform_0/counter_system_wrapper.bit"
17:40:40 INFO  : Disconnected from the channel tcfchan#2.
17:40:41 INFO  : 'targets -set -filter {jtag_cable_name =~ "Digilent Arty Z7 003017BB0A94A" && level==0} -index 1' command is executed.
17:40:41 INFO  : 'fpga -state' command is executed.
17:40:41 INFO  : Connected to target on host '127.0.0.1' and port '3121'.
17:40:41 INFO  : Jtag cable 'Digilent Arty Z7 003017BB0A94A' is selected.
17:40:41 INFO  : 'jtag frequency' command is executed.
17:40:41 INFO  : Sourcing of 'C:/Users/chris/Documents/FPGA/TP_contador_uart/TP_counter_uart_ip/TP_counter_uart_ip/TP_counter_uart_ip.sdk/counter_system_wrapper_hw_platform_0/ps7_init.tcl' is done.
17:40:41 INFO  : Context for 'APU' is selected.
17:40:43 INFO  : Hardware design information is loaded from 'C:/Users/chris/Documents/FPGA/TP_contador_uart/TP_counter_uart_ip/TP_counter_uart_ip/TP_counter_uart_ip.sdk/counter_system_wrapper_hw_platform_0/system.hdf'.
17:40:43 INFO  : 'configparams force-mem-access 1' command is executed.
17:40:43 INFO  : Context for 'APU' is selected.
17:40:43 INFO  : 'stop' command is executed.
17:40:43 INFO  : 'ps7_init' command is executed.
17:40:43 INFO  : 'ps7_post_config' command is executed.
17:40:43 INFO  : Context for processor 'ps7_cortexa9_0' is selected.
17:40:43 INFO  : Processor reset is completed for 'ps7_cortexa9_0'.
17:40:43 INFO  : Context for processor 'ps7_cortexa9_0' is selected.
17:40:43 INFO  : The application 'C:/Users/chris/Documents/FPGA/TP_contador_uart/TP_counter_uart_ip/TP_counter_uart_ip/TP_counter_uart_ip.sdk/uart_counter/Debug/uart_counter.elf' is downloaded to processor 'ps7_cortexa9_0'.
17:40:43 INFO  : 'configparams force-mem-access 0' command is executed.
17:40:43 INFO  : ----------------XSDB Script----------------
connect -url tcp:127.0.0.1:3121
source C:/Users/chris/Documents/FPGA/TP_contador_uart/TP_counter_uart_ip/TP_counter_uart_ip/TP_counter_uart_ip.sdk/counter_system_wrapper_hw_platform_0/ps7_init.tcl
targets -set -nocase -filter {name =~"APU*" && jtag_cable_name =~ "Digilent Arty Z7 003017BB0A94A"} -index 0
loadhw -hw C:/Users/chris/Documents/FPGA/TP_contador_uart/TP_counter_uart_ip/TP_counter_uart_ip/TP_counter_uart_ip.sdk/counter_system_wrapper_hw_platform_0/system.hdf -mem-ranges [list {0x40000000 0xbfffffff}]
configparams force-mem-access 1
targets -set -nocase -filter {name =~"APU*" && jtag_cable_name =~ "Digilent Arty Z7 003017BB0A94A"} -index 0
stop
ps7_init
ps7_post_config
targets -set -nocase -filter {name =~ "ARM*#0" && jtag_cable_name =~ "Digilent Arty Z7 003017BB0A94A"} -index 0
rst -processor
targets -set -nocase -filter {name =~ "ARM*#0" && jtag_cable_name =~ "Digilent Arty Z7 003017BB0A94A"} -index 0
dow C:/Users/chris/Documents/FPGA/TP_contador_uart/TP_counter_uart_ip/TP_counter_uart_ip/TP_counter_uart_ip.sdk/uart_counter/Debug/uart_counter.elf
configparams force-mem-access 0
----------------End of Script----------------

17:40:44 INFO  : Memory regions updated for context APU
17:40:44 INFO  : Context for processor 'ps7_cortexa9_0' is selected.
17:40:44 INFO  : 'con' command is executed.
17:40:44 INFO  : ----------------XSDB Script (After Launch)----------------
targets -set -nocase -filter {name =~ "ARM*#0" && jtag_cable_name =~ "Digilent Arty Z7 003017BB0A94A"} -index 0
con
----------------End of Script----------------

17:40:44 INFO  : Launch script is exported to file 'C:\Users\chris\Documents\FPGA\TP_contador_uart\TP_counter_uart_ip\TP_counter_uart_ip\TP_counter_uart_ip.sdk\.sdk\launch_scripts\xilinx_c-c++_application_(system_debugger)\system_debugger_using_debug_uart_counter.elf_on_local.tcl'
17:44:50 INFO  : Disconnected from the channel tcfchan#3.
17:44:51 INFO  : 'targets -set -filter {jtag_cable_name =~ "Digilent Arty Z7 003017BB0A94A" && level==0} -index 1' command is executed.
17:44:51 INFO  : 'fpga -state' command is executed.
17:44:51 INFO  : Connected to target on host '127.0.0.1' and port '3121'.
17:44:51 INFO  : Jtag cable 'Digilent Arty Z7 003017BB0A94A' is selected.
17:44:51 INFO  : 'jtag frequency' command is executed.
17:44:51 INFO  : Sourcing of 'C:/Users/chris/Documents/FPGA/TP_contador_uart/TP_counter_uart_ip/TP_counter_uart_ip/TP_counter_uart_ip.sdk/counter_system_wrapper_hw_platform_0/ps7_init.tcl' is done.
17:44:51 INFO  : Context for 'APU' is selected.
17:44:52 INFO  : Hardware design information is loaded from 'C:/Users/chris/Documents/FPGA/TP_contador_uart/TP_counter_uart_ip/TP_counter_uart_ip/TP_counter_uart_ip.sdk/counter_system_wrapper_hw_platform_0/system.hdf'.
17:44:52 INFO  : 'configparams force-mem-access 1' command is executed.
17:44:52 INFO  : Context for 'APU' is selected.
17:44:52 INFO  : 'stop' command is executed.
17:44:53 INFO  : 'ps7_init' command is executed.
17:44:53 INFO  : 'ps7_post_config' command is executed.
17:44:53 INFO  : Context for processor 'ps7_cortexa9_0' is selected.
17:44:53 INFO  : Processor reset is completed for 'ps7_cortexa9_0'.
17:44:53 INFO  : Context for processor 'ps7_cortexa9_0' is selected.
17:44:53 INFO  : The application 'C:/Users/chris/Documents/FPGA/TP_contador_uart/TP_counter_uart_ip/TP_counter_uart_ip/TP_counter_uart_ip.sdk/uart_counter/Debug/uart_counter.elf' is downloaded to processor 'ps7_cortexa9_0'.
17:44:53 INFO  : 'configparams force-mem-access 0' command is executed.
17:44:53 INFO  : ----------------XSDB Script----------------
connect -url tcp:127.0.0.1:3121
source C:/Users/chris/Documents/FPGA/TP_contador_uart/TP_counter_uart_ip/TP_counter_uart_ip/TP_counter_uart_ip.sdk/counter_system_wrapper_hw_platform_0/ps7_init.tcl
targets -set -nocase -filter {name =~"APU*" && jtag_cable_name =~ "Digilent Arty Z7 003017BB0A94A"} -index 0
loadhw -hw C:/Users/chris/Documents/FPGA/TP_contador_uart/TP_counter_uart_ip/TP_counter_uart_ip/TP_counter_uart_ip.sdk/counter_system_wrapper_hw_platform_0/system.hdf -mem-ranges [list {0x40000000 0xbfffffff}]
configparams force-mem-access 1
targets -set -nocase -filter {name =~"APU*" && jtag_cable_name =~ "Digilent Arty Z7 003017BB0A94A"} -index 0
stop
ps7_init
ps7_post_config
targets -set -nocase -filter {name =~ "ARM*#0" && jtag_cable_name =~ "Digilent Arty Z7 003017BB0A94A"} -index 0
rst -processor
targets -set -nocase -filter {name =~ "ARM*#0" && jtag_cable_name =~ "Digilent Arty Z7 003017BB0A94A"} -index 0
dow C:/Users/chris/Documents/FPGA/TP_contador_uart/TP_counter_uart_ip/TP_counter_uart_ip/TP_counter_uart_ip.sdk/uart_counter/Debug/uart_counter.elf
configparams force-mem-access 0
----------------End of Script----------------

17:44:53 INFO  : Memory regions updated for context APU
17:44:53 INFO  : Context for processor 'ps7_cortexa9_0' is selected.
17:44:53 INFO  : 'con' command is executed.
17:44:53 INFO  : ----------------XSDB Script (After Launch)----------------
targets -set -nocase -filter {name =~ "ARM*#0" && jtag_cable_name =~ "Digilent Arty Z7 003017BB0A94A"} -index 0
con
----------------End of Script----------------

17:44:53 INFO  : Launch script is exported to file 'C:\Users\chris\Documents\FPGA\TP_contador_uart\TP_counter_uart_ip\TP_counter_uart_ip\TP_counter_uart_ip.sdk\.sdk\launch_scripts\xilinx_c-c++_application_(system_debugger)\system_debugger_using_debug_uart_counter.elf_on_local.tcl'
17:45:43 INFO  : Disconnected from the channel tcfchan#4.
17:45:44 INFO  : 'targets -set -filter {jtag_cable_name =~ "Digilent Arty Z7 003017BB0A94A" && level==0} -index 1' command is executed.
17:45:44 INFO  : 'fpga -state' command is executed.
17:45:44 INFO  : Connected to target on host '127.0.0.1' and port '3121'.
17:45:44 INFO  : Jtag cable 'Digilent Arty Z7 003017BB0A94A' is selected.
17:45:44 INFO  : 'jtag frequency' command is executed.
17:45:44 INFO  : Sourcing of 'C:/Users/chris/Documents/FPGA/TP_contador_uart/TP_counter_uart_ip/TP_counter_uart_ip/TP_counter_uart_ip.sdk/counter_system_wrapper_hw_platform_0/ps7_init.tcl' is done.
17:45:44 INFO  : Context for 'APU' is selected.
17:45:45 INFO  : Hardware design information is loaded from 'C:/Users/chris/Documents/FPGA/TP_contador_uart/TP_counter_uart_ip/TP_counter_uart_ip/TP_counter_uart_ip.sdk/counter_system_wrapper_hw_platform_0/system.hdf'.
17:45:45 INFO  : 'configparams force-mem-access 1' command is executed.
17:45:45 INFO  : Context for 'APU' is selected.
17:45:45 INFO  : 'stop' command is executed.
17:45:45 INFO  : 'ps7_init' command is executed.
17:45:45 INFO  : 'ps7_post_config' command is executed.
17:45:45 INFO  : Context for processor 'ps7_cortexa9_0' is selected.
17:45:45 INFO  : Processor reset is completed for 'ps7_cortexa9_0'.
17:45:45 INFO  : Context for processor 'ps7_cortexa9_0' is selected.
17:45:46 INFO  : The application 'C:/Users/chris/Documents/FPGA/TP_contador_uart/TP_counter_uart_ip/TP_counter_uart_ip/TP_counter_uart_ip.sdk/uart_counter/Debug/uart_counter.elf' is downloaded to processor 'ps7_cortexa9_0'.
17:45:46 INFO  : 'configparams force-mem-access 0' command is executed.
17:45:46 INFO  : ----------------XSDB Script----------------
connect -url tcp:127.0.0.1:3121
source C:/Users/chris/Documents/FPGA/TP_contador_uart/TP_counter_uart_ip/TP_counter_uart_ip/TP_counter_uart_ip.sdk/counter_system_wrapper_hw_platform_0/ps7_init.tcl
targets -set -nocase -filter {name =~"APU*" && jtag_cable_name =~ "Digilent Arty Z7 003017BB0A94A"} -index 0
loadhw -hw C:/Users/chris/Documents/FPGA/TP_contador_uart/TP_counter_uart_ip/TP_counter_uart_ip/TP_counter_uart_ip.sdk/counter_system_wrapper_hw_platform_0/system.hdf -mem-ranges [list {0x40000000 0xbfffffff}]
configparams force-mem-access 1
targets -set -nocase -filter {name =~"APU*" && jtag_cable_name =~ "Digilent Arty Z7 003017BB0A94A"} -index 0
stop
ps7_init
ps7_post_config
targets -set -nocase -filter {name =~ "ARM*#0" && jtag_cable_name =~ "Digilent Arty Z7 003017BB0A94A"} -index 0
rst -processor
targets -set -nocase -filter {name =~ "ARM*#0" && jtag_cable_name =~ "Digilent Arty Z7 003017BB0A94A"} -index 0
dow C:/Users/chris/Documents/FPGA/TP_contador_uart/TP_counter_uart_ip/TP_counter_uart_ip/TP_counter_uart_ip.sdk/uart_counter/Debug/uart_counter.elf
configparams force-mem-access 0
----------------End of Script----------------

17:45:46 INFO  : Memory regions updated for context APU
17:45:46 INFO  : Context for processor 'ps7_cortexa9_0' is selected.
17:45:46 INFO  : 'con' command is executed.
17:45:46 INFO  : ----------------XSDB Script (After Launch)----------------
targets -set -nocase -filter {name =~ "ARM*#0" && jtag_cable_name =~ "Digilent Arty Z7 003017BB0A94A"} -index 0
con
----------------End of Script----------------

17:45:46 INFO  : Launch script is exported to file 'C:\Users\chris\Documents\FPGA\TP_contador_uart\TP_counter_uart_ip\TP_counter_uart_ip\TP_counter_uart_ip.sdk\.sdk\launch_scripts\xilinx_c-c++_application_(system_debugger)\system_debugger_using_debug_uart_counter.elf_on_local.tcl'
17:48:54 INFO  : Disconnected from the channel tcfchan#5.
17:48:55 INFO  : 'targets -set -filter {jtag_cable_name =~ "Digilent Arty Z7 003017BB0A94A" && level==0} -index 1' command is executed.
17:48:55 INFO  : 'fpga -state' command is executed.
17:48:55 INFO  : Connected to target on host '127.0.0.1' and port '3121'.
17:48:55 INFO  : Jtag cable 'Digilent Arty Z7 003017BB0A94A' is selected.
17:48:55 INFO  : 'jtag frequency' command is executed.
17:48:55 INFO  : Sourcing of 'C:/Users/chris/Documents/FPGA/TP_contador_uart/TP_counter_uart_ip/TP_counter_uart_ip/TP_counter_uart_ip.sdk/counter_system_wrapper_hw_platform_0/ps7_init.tcl' is done.
17:48:55 INFO  : Context for 'APU' is selected.
17:48:56 INFO  : Hardware design information is loaded from 'C:/Users/chris/Documents/FPGA/TP_contador_uart/TP_counter_uart_ip/TP_counter_uart_ip/TP_counter_uart_ip.sdk/counter_system_wrapper_hw_platform_0/system.hdf'.
17:48:56 INFO  : 'configparams force-mem-access 1' command is executed.
17:48:56 INFO  : Context for 'APU' is selected.
17:48:57 INFO  : 'stop' command is executed.
17:48:57 INFO  : 'ps7_init' command is executed.
17:48:57 INFO  : 'ps7_post_config' command is executed.
17:48:57 INFO  : Context for processor 'ps7_cortexa9_0' is selected.
17:48:57 INFO  : Processor reset is completed for 'ps7_cortexa9_0'.
17:48:57 INFO  : Context for processor 'ps7_cortexa9_0' is selected.
17:48:57 INFO  : The application 'C:/Users/chris/Documents/FPGA/TP_contador_uart/TP_counter_uart_ip/TP_counter_uart_ip/TP_counter_uart_ip.sdk/uart_counter/Debug/uart_counter.elf' is downloaded to processor 'ps7_cortexa9_0'.
17:48:57 INFO  : 'configparams force-mem-access 0' command is executed.
17:48:57 INFO  : ----------------XSDB Script----------------
connect -url tcp:127.0.0.1:3121
source C:/Users/chris/Documents/FPGA/TP_contador_uart/TP_counter_uart_ip/TP_counter_uart_ip/TP_counter_uart_ip.sdk/counter_system_wrapper_hw_platform_0/ps7_init.tcl
targets -set -nocase -filter {name =~"APU*" && jtag_cable_name =~ "Digilent Arty Z7 003017BB0A94A"} -index 0
loadhw -hw C:/Users/chris/Documents/FPGA/TP_contador_uart/TP_counter_uart_ip/TP_counter_uart_ip/TP_counter_uart_ip.sdk/counter_system_wrapper_hw_platform_0/system.hdf -mem-ranges [list {0x40000000 0xbfffffff}]
configparams force-mem-access 1
targets -set -nocase -filter {name =~"APU*" && jtag_cable_name =~ "Digilent Arty Z7 003017BB0A94A"} -index 0
stop
ps7_init
ps7_post_config
targets -set -nocase -filter {name =~ "ARM*#0" && jtag_cable_name =~ "Digilent Arty Z7 003017BB0A94A"} -index 0
rst -processor
targets -set -nocase -filter {name =~ "ARM*#0" && jtag_cable_name =~ "Digilent Arty Z7 003017BB0A94A"} -index 0
dow C:/Users/chris/Documents/FPGA/TP_contador_uart/TP_counter_uart_ip/TP_counter_uart_ip/TP_counter_uart_ip.sdk/uart_counter/Debug/uart_counter.elf
configparams force-mem-access 0
----------------End of Script----------------

17:48:57 INFO  : Memory regions updated for context APU
17:48:57 INFO  : Context for processor 'ps7_cortexa9_0' is selected.
17:48:57 INFO  : 'con' command is executed.
17:48:57 INFO  : ----------------XSDB Script (After Launch)----------------
targets -set -nocase -filter {name =~ "ARM*#0" && jtag_cable_name =~ "Digilent Arty Z7 003017BB0A94A"} -index 0
con
----------------End of Script----------------

17:48:57 INFO  : Launch script is exported to file 'C:\Users\chris\Documents\FPGA\TP_contador_uart\TP_counter_uart_ip\TP_counter_uart_ip\TP_counter_uart_ip.sdk\.sdk\launch_scripts\xilinx_c-c++_application_(system_debugger)\system_debugger_using_debug_uart_counter.elf_on_local.tcl'
17:50:13 INFO  : Disconnected from the channel tcfchan#6.
17:50:14 INFO  : 'targets -set -filter {jtag_cable_name =~ "Digilent Arty Z7 003017BB0A94A" && level==0} -index 1' command is executed.
17:50:14 INFO  : 'fpga -state' command is executed.
17:50:14 INFO  : Connected to target on host '127.0.0.1' and port '3121'.
17:50:14 INFO  : Jtag cable 'Digilent Arty Z7 003017BB0A94A' is selected.
17:50:14 INFO  : 'jtag frequency' command is executed.
17:50:14 INFO  : Sourcing of 'C:/Users/chris/Documents/FPGA/TP_contador_uart/TP_counter_uart_ip/TP_counter_uart_ip/TP_counter_uart_ip.sdk/counter_system_wrapper_hw_platform_0/ps7_init.tcl' is done.
17:50:14 INFO  : Context for 'APU' is selected.
17:50:15 INFO  : Hardware design information is loaded from 'C:/Users/chris/Documents/FPGA/TP_contador_uart/TP_counter_uart_ip/TP_counter_uart_ip/TP_counter_uart_ip.sdk/counter_system_wrapper_hw_platform_0/system.hdf'.
17:50:15 INFO  : 'configparams force-mem-access 1' command is executed.
17:50:15 INFO  : Context for 'APU' is selected.
17:50:15 INFO  : 'stop' command is executed.
17:50:16 INFO  : 'ps7_init' command is executed.
17:50:16 INFO  : 'ps7_post_config' command is executed.
17:50:16 INFO  : Context for processor 'ps7_cortexa9_0' is selected.
17:50:16 INFO  : Processor reset is completed for 'ps7_cortexa9_0'.
17:50:16 INFO  : Context for processor 'ps7_cortexa9_0' is selected.
17:50:16 INFO  : The application 'C:/Users/chris/Documents/FPGA/TP_contador_uart/TP_counter_uart_ip/TP_counter_uart_ip/TP_counter_uart_ip.sdk/uart_counter/Debug/uart_counter.elf' is downloaded to processor 'ps7_cortexa9_0'.
17:50:16 INFO  : 'configparams force-mem-access 0' command is executed.
17:50:16 INFO  : ----------------XSDB Script----------------
connect -url tcp:127.0.0.1:3121
source C:/Users/chris/Documents/FPGA/TP_contador_uart/TP_counter_uart_ip/TP_counter_uart_ip/TP_counter_uart_ip.sdk/counter_system_wrapper_hw_platform_0/ps7_init.tcl
targets -set -nocase -filter {name =~"APU*" && jtag_cable_name =~ "Digilent Arty Z7 003017BB0A94A"} -index 0
loadhw -hw C:/Users/chris/Documents/FPGA/TP_contador_uart/TP_counter_uart_ip/TP_counter_uart_ip/TP_counter_uart_ip.sdk/counter_system_wrapper_hw_platform_0/system.hdf -mem-ranges [list {0x40000000 0xbfffffff}]
configparams force-mem-access 1
targets -set -nocase -filter {name =~"APU*" && jtag_cable_name =~ "Digilent Arty Z7 003017BB0A94A"} -index 0
stop
ps7_init
ps7_post_config
targets -set -nocase -filter {name =~ "ARM*#0" && jtag_cable_name =~ "Digilent Arty Z7 003017BB0A94A"} -index 0
rst -processor
targets -set -nocase -filter {name =~ "ARM*#0" && jtag_cable_name =~ "Digilent Arty Z7 003017BB0A94A"} -index 0
dow C:/Users/chris/Documents/FPGA/TP_contador_uart/TP_counter_uart_ip/TP_counter_uart_ip/TP_counter_uart_ip.sdk/uart_counter/Debug/uart_counter.elf
configparams force-mem-access 0
----------------End of Script----------------

17:50:16 INFO  : Memory regions updated for context APU
17:50:16 INFO  : Context for processor 'ps7_cortexa9_0' is selected.
17:50:16 INFO  : 'con' command is executed.
17:50:16 INFO  : ----------------XSDB Script (After Launch)----------------
targets -set -nocase -filter {name =~ "ARM*#0" && jtag_cable_name =~ "Digilent Arty Z7 003017BB0A94A"} -index 0
con
----------------End of Script----------------

17:50:16 INFO  : Launch script is exported to file 'C:\Users\chris\Documents\FPGA\TP_contador_uart\TP_counter_uart_ip\TP_counter_uart_ip\TP_counter_uart_ip.sdk\.sdk\launch_scripts\xilinx_c-c++_application_(system_debugger)\system_debugger_using_debug_uart_counter.elf_on_local.tcl'
17:53:48 INFO  : Disconnected from the channel tcfchan#7.
17:53:49 INFO  : 'targets -set -filter {jtag_cable_name =~ "Digilent Arty Z7 003017BB0A94A" && level==0} -index 1' command is executed.
17:53:49 INFO  : 'fpga -state' command is executed.
17:53:49 INFO  : Connected to target on host '127.0.0.1' and port '3121'.
17:53:49 INFO  : Jtag cable 'Digilent Arty Z7 003017BB0A94A' is selected.
17:53:49 INFO  : 'jtag frequency' command is executed.
17:53:49 INFO  : Sourcing of 'C:/Users/chris/Documents/FPGA/TP_contador_uart/TP_counter_uart_ip/TP_counter_uart_ip/TP_counter_uart_ip.sdk/counter_system_wrapper_hw_platform_0/ps7_init.tcl' is done.
17:53:49 INFO  : Context for 'APU' is selected.
17:53:50 INFO  : Hardware design information is loaded from 'C:/Users/chris/Documents/FPGA/TP_contador_uart/TP_counter_uart_ip/TP_counter_uart_ip/TP_counter_uart_ip.sdk/counter_system_wrapper_hw_platform_0/system.hdf'.
17:53:50 INFO  : 'configparams force-mem-access 1' command is executed.
17:53:50 INFO  : Context for 'APU' is selected.
17:53:50 INFO  : 'stop' command is executed.
17:53:51 INFO  : 'ps7_init' command is executed.
17:53:51 INFO  : 'ps7_post_config' command is executed.
17:53:51 INFO  : Context for processor 'ps7_cortexa9_0' is selected.
17:53:51 INFO  : Processor reset is completed for 'ps7_cortexa9_0'.
17:53:51 INFO  : Context for processor 'ps7_cortexa9_0' is selected.
17:53:51 INFO  : The application 'C:/Users/chris/Documents/FPGA/TP_contador_uart/TP_counter_uart_ip/TP_counter_uart_ip/TP_counter_uart_ip.sdk/uart_counter/Debug/uart_counter.elf' is downloaded to processor 'ps7_cortexa9_0'.
17:53:51 INFO  : 'configparams force-mem-access 0' command is executed.
17:53:51 INFO  : ----------------XSDB Script----------------
connect -url tcp:127.0.0.1:3121
source C:/Users/chris/Documents/FPGA/TP_contador_uart/TP_counter_uart_ip/TP_counter_uart_ip/TP_counter_uart_ip.sdk/counter_system_wrapper_hw_platform_0/ps7_init.tcl
targets -set -nocase -filter {name =~"APU*" && jtag_cable_name =~ "Digilent Arty Z7 003017BB0A94A"} -index 0
loadhw -hw C:/Users/chris/Documents/FPGA/TP_contador_uart/TP_counter_uart_ip/TP_counter_uart_ip/TP_counter_uart_ip.sdk/counter_system_wrapper_hw_platform_0/system.hdf -mem-ranges [list {0x40000000 0xbfffffff}]
configparams force-mem-access 1
targets -set -nocase -filter {name =~"APU*" && jtag_cable_name =~ "Digilent Arty Z7 003017BB0A94A"} -index 0
stop
ps7_init
ps7_post_config
targets -set -nocase -filter {name =~ "ARM*#0" && jtag_cable_name =~ "Digilent Arty Z7 003017BB0A94A"} -index 0
rst -processor
targets -set -nocase -filter {name =~ "ARM*#0" && jtag_cable_name =~ "Digilent Arty Z7 003017BB0A94A"} -index 0
dow C:/Users/chris/Documents/FPGA/TP_contador_uart/TP_counter_uart_ip/TP_counter_uart_ip/TP_counter_uart_ip.sdk/uart_counter/Debug/uart_counter.elf
configparams force-mem-access 0
----------------End of Script----------------

17:53:51 INFO  : Memory regions updated for context APU
17:53:51 INFO  : Context for processor 'ps7_cortexa9_0' is selected.
17:53:51 INFO  : 'con' command is executed.
17:53:51 INFO  : ----------------XSDB Script (After Launch)----------------
targets -set -nocase -filter {name =~ "ARM*#0" && jtag_cable_name =~ "Digilent Arty Z7 003017BB0A94A"} -index 0
con
----------------End of Script----------------

17:53:51 INFO  : Launch script is exported to file 'C:\Users\chris\Documents\FPGA\TP_contador_uart\TP_counter_uart_ip\TP_counter_uart_ip\TP_counter_uart_ip.sdk\.sdk\launch_scripts\xilinx_c-c++_application_(system_debugger)\system_debugger_using_debug_uart_counter.elf_on_local.tcl'
17:55:55 INFO  : Disconnected from the channel tcfchan#8.
17:55:56 INFO  : 'targets -set -filter {jtag_cable_name =~ "Digilent Arty Z7 003017BB0A94A" && level==0} -index 1' command is executed.
17:55:56 INFO  : 'fpga -state' command is executed.
17:55:56 INFO  : Connected to target on host '127.0.0.1' and port '3121'.
17:55:56 INFO  : Jtag cable 'Digilent Arty Z7 003017BB0A94A' is selected.
17:55:56 INFO  : 'jtag frequency' command is executed.
17:55:56 INFO  : Sourcing of 'C:/Users/chris/Documents/FPGA/TP_contador_uart/TP_counter_uart_ip/TP_counter_uart_ip/TP_counter_uart_ip.sdk/counter_system_wrapper_hw_platform_0/ps7_init.tcl' is done.
17:55:56 INFO  : Context for 'APU' is selected.
17:55:57 INFO  : Hardware design information is loaded from 'C:/Users/chris/Documents/FPGA/TP_contador_uart/TP_counter_uart_ip/TP_counter_uart_ip/TP_counter_uart_ip.sdk/counter_system_wrapper_hw_platform_0/system.hdf'.
17:55:57 INFO  : 'configparams force-mem-access 1' command is executed.
17:55:57 INFO  : Context for 'APU' is selected.
17:55:57 INFO  : 'stop' command is executed.
17:55:57 INFO  : 'ps7_init' command is executed.
17:55:57 INFO  : 'ps7_post_config' command is executed.
17:55:57 INFO  : Context for processor 'ps7_cortexa9_0' is selected.
17:55:58 INFO  : Processor reset is completed for 'ps7_cortexa9_0'.
17:55:58 INFO  : Context for processor 'ps7_cortexa9_0' is selected.
17:55:58 INFO  : The application 'C:/Users/chris/Documents/FPGA/TP_contador_uart/TP_counter_uart_ip/TP_counter_uart_ip/TP_counter_uart_ip.sdk/uart_counter/Debug/uart_counter.elf' is downloaded to processor 'ps7_cortexa9_0'.
17:55:58 INFO  : 'configparams force-mem-access 0' command is executed.
17:55:58 INFO  : ----------------XSDB Script----------------
connect -url tcp:127.0.0.1:3121
source C:/Users/chris/Documents/FPGA/TP_contador_uart/TP_counter_uart_ip/TP_counter_uart_ip/TP_counter_uart_ip.sdk/counter_system_wrapper_hw_platform_0/ps7_init.tcl
targets -set -nocase -filter {name =~"APU*" && jtag_cable_name =~ "Digilent Arty Z7 003017BB0A94A"} -index 0
loadhw -hw C:/Users/chris/Documents/FPGA/TP_contador_uart/TP_counter_uart_ip/TP_counter_uart_ip/TP_counter_uart_ip.sdk/counter_system_wrapper_hw_platform_0/system.hdf -mem-ranges [list {0x40000000 0xbfffffff}]
configparams force-mem-access 1
targets -set -nocase -filter {name =~"APU*" && jtag_cable_name =~ "Digilent Arty Z7 003017BB0A94A"} -index 0
stop
ps7_init
ps7_post_config
targets -set -nocase -filter {name =~ "ARM*#0" && jtag_cable_name =~ "Digilent Arty Z7 003017BB0A94A"} -index 0
rst -processor
targets -set -nocase -filter {name =~ "ARM*#0" && jtag_cable_name =~ "Digilent Arty Z7 003017BB0A94A"} -index 0
dow C:/Users/chris/Documents/FPGA/TP_contador_uart/TP_counter_uart_ip/TP_counter_uart_ip/TP_counter_uart_ip.sdk/uart_counter/Debug/uart_counter.elf
configparams force-mem-access 0
----------------End of Script----------------

17:55:58 INFO  : Memory regions updated for context APU
17:55:58 INFO  : Context for processor 'ps7_cortexa9_0' is selected.
17:55:58 INFO  : 'con' command is executed.
17:55:58 INFO  : ----------------XSDB Script (After Launch)----------------
targets -set -nocase -filter {name =~ "ARM*#0" && jtag_cable_name =~ "Digilent Arty Z7 003017BB0A94A"} -index 0
con
----------------End of Script----------------

17:55:58 INFO  : Launch script is exported to file 'C:\Users\chris\Documents\FPGA\TP_contador_uart\TP_counter_uart_ip\TP_counter_uart_ip\TP_counter_uart_ip.sdk\.sdk\launch_scripts\xilinx_c-c++_application_(system_debugger)\system_debugger_using_debug_uart_counter.elf_on_local.tcl'
17:59:43 INFO  : Disconnected from the channel tcfchan#9.
17:59:44 INFO  : 'targets -set -filter {jtag_cable_name =~ "Digilent Arty Z7 003017BB0A94A" && level==0} -index 1' command is executed.
17:59:44 INFO  : 'fpga -state' command is executed.
17:59:44 INFO  : Connected to target on host '127.0.0.1' and port '3121'.
17:59:44 INFO  : Jtag cable 'Digilent Arty Z7 003017BB0A94A' is selected.
17:59:44 INFO  : 'jtag frequency' command is executed.
17:59:44 INFO  : Sourcing of 'C:/Users/chris/Documents/FPGA/TP_contador_uart/TP_counter_uart_ip/TP_counter_uart_ip/TP_counter_uart_ip.sdk/counter_system_wrapper_hw_platform_0/ps7_init.tcl' is done.
17:59:44 INFO  : Context for 'APU' is selected.
17:59:46 INFO  : Hardware design information is loaded from 'C:/Users/chris/Documents/FPGA/TP_contador_uart/TP_counter_uart_ip/TP_counter_uart_ip/TP_counter_uart_ip.sdk/counter_system_wrapper_hw_platform_0/system.hdf'.
17:59:46 INFO  : 'configparams force-mem-access 1' command is executed.
17:59:46 INFO  : Context for 'APU' is selected.
17:59:46 INFO  : 'stop' command is executed.
17:59:46 INFO  : 'ps7_init' command is executed.
17:59:46 INFO  : 'ps7_post_config' command is executed.
17:59:46 INFO  : Context for processor 'ps7_cortexa9_0' is selected.
17:59:46 INFO  : Processor reset is completed for 'ps7_cortexa9_0'.
17:59:46 INFO  : Context for processor 'ps7_cortexa9_0' is selected.
17:59:46 INFO  : The application 'C:/Users/chris/Documents/FPGA/TP_contador_uart/TP_counter_uart_ip/TP_counter_uart_ip/TP_counter_uart_ip.sdk/uart_counter/Debug/uart_counter.elf' is downloaded to processor 'ps7_cortexa9_0'.
17:59:46 INFO  : 'configparams force-mem-access 0' command is executed.
17:59:46 INFO  : ----------------XSDB Script----------------
connect -url tcp:127.0.0.1:3121
source C:/Users/chris/Documents/FPGA/TP_contador_uart/TP_counter_uart_ip/TP_counter_uart_ip/TP_counter_uart_ip.sdk/counter_system_wrapper_hw_platform_0/ps7_init.tcl
targets -set -nocase -filter {name =~"APU*" && jtag_cable_name =~ "Digilent Arty Z7 003017BB0A94A"} -index 0
loadhw -hw C:/Users/chris/Documents/FPGA/TP_contador_uart/TP_counter_uart_ip/TP_counter_uart_ip/TP_counter_uart_ip.sdk/counter_system_wrapper_hw_platform_0/system.hdf -mem-ranges [list {0x40000000 0xbfffffff}]
configparams force-mem-access 1
targets -set -nocase -filter {name =~"APU*" && jtag_cable_name =~ "Digilent Arty Z7 003017BB0A94A"} -index 0
stop
ps7_init
ps7_post_config
targets -set -nocase -filter {name =~ "ARM*#0" && jtag_cable_name =~ "Digilent Arty Z7 003017BB0A94A"} -index 0
rst -processor
targets -set -nocase -filter {name =~ "ARM*#0" && jtag_cable_name =~ "Digilent Arty Z7 003017BB0A94A"} -index 0
dow C:/Users/chris/Documents/FPGA/TP_contador_uart/TP_counter_uart_ip/TP_counter_uart_ip/TP_counter_uart_ip.sdk/uart_counter/Debug/uart_counter.elf
configparams force-mem-access 0
----------------End of Script----------------

17:59:46 INFO  : Memory regions updated for context APU
17:59:46 INFO  : Context for processor 'ps7_cortexa9_0' is selected.
17:59:46 INFO  : 'con' command is executed.
17:59:46 INFO  : ----------------XSDB Script (After Launch)----------------
targets -set -nocase -filter {name =~ "ARM*#0" && jtag_cable_name =~ "Digilent Arty Z7 003017BB0A94A"} -index 0
con
----------------End of Script----------------

17:59:46 INFO  : Launch script is exported to file 'C:\Users\chris\Documents\FPGA\TP_contador_uart\TP_counter_uart_ip\TP_counter_uart_ip\TP_counter_uart_ip.sdk\.sdk\launch_scripts\xilinx_c-c++_application_(system_debugger)\system_debugger_using_debug_uart_counter.elf_on_local.tcl'
18:05:19 INFO  : Connected to target on host '127.0.0.1' and port '3121'.
18:05:19 INFO  : 'targets -set -filter {jtag_cable_name =~ "Digilent Arty Z7 003017BB0A94A" && level==0} -index 1' command is executed.
18:05:21 INFO  : FPGA configured successfully with bitstream "C:/Users/chris/Documents/FPGA/TP_contador_uart/TP_counter_uart_ip/TP_counter_uart_ip/TP_counter_uart_ip.sdk/counter_system_wrapper_hw_platform_0/counter_system_wrapper.bit"
18:06:00 INFO  : Disconnected from the channel tcfchan#10.
18:06:01 INFO  : 'targets -set -filter {jtag_cable_name =~ "Digilent Arty Z7 003017BB0A94A" && level==0} -index 1' command is executed.
18:06:01 INFO  : 'fpga -state' command is executed.
18:06:01 INFO  : Connected to target on host '127.0.0.1' and port '3121'.
18:06:01 INFO  : Jtag cable 'Digilent Arty Z7 003017BB0A94A' is selected.
18:06:01 INFO  : 'jtag frequency' command is executed.
18:06:01 INFO  : Sourcing of 'C:/Users/chris/Documents/FPGA/TP_contador_uart/TP_counter_uart_ip/TP_counter_uart_ip/TP_counter_uart_ip.sdk/counter_system_wrapper_hw_platform_0/ps7_init.tcl' is done.
18:06:01 INFO  : Context for 'APU' is selected.
18:06:02 INFO  : Hardware design information is loaded from 'C:/Users/chris/Documents/FPGA/TP_contador_uart/TP_counter_uart_ip/TP_counter_uart_ip/TP_counter_uart_ip.sdk/counter_system_wrapper_hw_platform_0/system.hdf'.
18:06:02 INFO  : 'configparams force-mem-access 1' command is executed.
18:06:02 INFO  : Context for 'APU' is selected.
18:06:02 INFO  : 'stop' command is executed.
18:06:03 INFO  : 'ps7_init' command is executed.
18:06:03 INFO  : 'ps7_post_config' command is executed.
18:06:03 INFO  : Context for processor 'ps7_cortexa9_0' is selected.
18:06:03 INFO  : Processor reset is completed for 'ps7_cortexa9_0'.
18:06:03 INFO  : Context for processor 'ps7_cortexa9_0' is selected.
18:06:03 INFO  : The application 'C:/Users/chris/Documents/FPGA/TP_contador_uart/TP_counter_uart_ip/TP_counter_uart_ip/TP_counter_uart_ip.sdk/uart_counter/Debug/uart_counter.elf' is downloaded to processor 'ps7_cortexa9_0'.
18:06:03 INFO  : 'configparams force-mem-access 0' command is executed.
18:06:03 INFO  : ----------------XSDB Script----------------
connect -url tcp:127.0.0.1:3121
source C:/Users/chris/Documents/FPGA/TP_contador_uart/TP_counter_uart_ip/TP_counter_uart_ip/TP_counter_uart_ip.sdk/counter_system_wrapper_hw_platform_0/ps7_init.tcl
targets -set -nocase -filter {name =~"APU*" && jtag_cable_name =~ "Digilent Arty Z7 003017BB0A94A"} -index 0
loadhw -hw C:/Users/chris/Documents/FPGA/TP_contador_uart/TP_counter_uart_ip/TP_counter_uart_ip/TP_counter_uart_ip.sdk/counter_system_wrapper_hw_platform_0/system.hdf -mem-ranges [list {0x40000000 0xbfffffff}]
configparams force-mem-access 1
targets -set -nocase -filter {name =~"APU*" && jtag_cable_name =~ "Digilent Arty Z7 003017BB0A94A"} -index 0
stop
ps7_init
ps7_post_config
targets -set -nocase -filter {name =~ "ARM*#0" && jtag_cable_name =~ "Digilent Arty Z7 003017BB0A94A"} -index 0
rst -processor
targets -set -nocase -filter {name =~ "ARM*#0" && jtag_cable_name =~ "Digilent Arty Z7 003017BB0A94A"} -index 0
dow C:/Users/chris/Documents/FPGA/TP_contador_uart/TP_counter_uart_ip/TP_counter_uart_ip/TP_counter_uart_ip.sdk/uart_counter/Debug/uart_counter.elf
configparams force-mem-access 0
----------------End of Script----------------

18:06:03 INFO  : Memory regions updated for context APU
18:06:04 INFO  : Context for processor 'ps7_cortexa9_0' is selected.
18:06:04 INFO  : 'con' command is executed.
18:06:04 INFO  : ----------------XSDB Script (After Launch)----------------
targets -set -nocase -filter {name =~ "ARM*#0" && jtag_cable_name =~ "Digilent Arty Z7 003017BB0A94A"} -index 0
con
----------------End of Script----------------

18:06:04 INFO  : Launch script is exported to file 'C:\Users\chris\Documents\FPGA\TP_contador_uart\TP_counter_uart_ip\TP_counter_uart_ip\TP_counter_uart_ip.sdk\.sdk\launch_scripts\xilinx_c-c++_application_(system_debugger)\system_debugger_using_debug_uart_counter.elf_on_local.tcl'
19:03:42 INFO  : Disconnected from the channel tcfchan#11.
