19:57:03 INFO  : Registering command handlers for SDK TCF services
19:57:04 INFO  : Launching XSCT server: xsct.bat -interactive C:\Users\chris\Documents\FPGA\sum_ip\sum_ip.sdk\temp_xsdb_launch_script.tcl
19:57:09 INFO  : XSCT server has started successfully.
19:57:14 INFO  : Successfully done setting XSCT server connection channel  
19:57:14 INFO  : Successfully done setting SDK workspace  
19:57:14 INFO  : Processing command line option -hwspec C:/Users/chris/Documents/FPGA/sum_ip/sum_ip.sdk/sum_system_wrapper.hdf.
20:07:04 INFO  : Connected to target on host '127.0.0.1' and port '3121'.
20:07:11 INFO  : Connected to target on host '127.0.0.1' and port '3121'.
20:07:11 INFO  : 'targets -set -filter {jtag_cable_name =~ "Digilent Arty Z7 003017BB0A94A" && level==0} -index 1' command is executed.
20:07:12 INFO  : FPGA configured successfully with bitstream "C:/Users/chris/Documents/FPGA/sum_ip/sum_ip.sdk/sum_system_wrapper_hw_platform_0/sum_system_wrapper.bit"
20:07:30 INFO  : 'targets -set -filter {jtag_cable_name =~ "Digilent Arty Z7 003017BB0A94A" && level==0} -index 1' command is executed.
20:07:30 INFO  : 'fpga -state' command is executed.
20:07:30 INFO  : Connected to target on host '127.0.0.1' and port '3121'.
20:07:30 INFO  : Jtag cable 'Digilent Arty Z7 003017BB0A94A' is selected.
20:07:30 INFO  : 'jtag frequency' command is executed.
20:07:30 INFO  : Sourcing of 'C:/Users/chris/Documents/FPGA/sum_ip/sum_ip.sdk/sum_system_wrapper_hw_platform_0/ps7_init.tcl' is done.
20:07:30 INFO  : Context for 'APU' is selected.
20:07:30 INFO  : Hardware design information is loaded from 'C:/Users/chris/Documents/FPGA/sum_ip/sum_ip.sdk/sum_system_wrapper_hw_platform_0/system.hdf'.
20:07:30 INFO  : 'configparams force-mem-access 1' command is executed.
20:07:30 INFO  : Context for 'APU' is selected.
20:07:30 INFO  : 'stop' command is executed.
20:07:31 INFO  : 'ps7_init' command is executed.
20:07:31 INFO  : 'ps7_post_config' command is executed.
20:07:31 INFO  : Context for processor 'ps7_cortexa9_0' is selected.
20:07:31 INFO  : Processor reset is completed for 'ps7_cortexa9_0'.
20:07:31 INFO  : Context for processor 'ps7_cortexa9_0' is selected.
20:07:31 INFO  : The application 'C:/Users/chris/Documents/FPGA/sum_ip/sum_ip.sdk/sum/Debug/sum.elf' is downloaded to processor 'ps7_cortexa9_0'.
20:07:31 INFO  : 'configparams force-mem-access 0' command is executed.
20:07:31 INFO  : ----------------XSDB Script----------------
connect -url tcp:127.0.0.1:3121
source C:/Users/chris/Documents/FPGA/sum_ip/sum_ip.sdk/sum_system_wrapper_hw_platform_0/ps7_init.tcl
targets -set -nocase -filter {name =~"APU*" && jtag_cable_name =~ "Digilent Arty Z7 003017BB0A94A"} -index 0
loadhw -hw C:/Users/chris/Documents/FPGA/sum_ip/sum_ip.sdk/sum_system_wrapper_hw_platform_0/system.hdf -mem-ranges [list {0x40000000 0xbfffffff}]
configparams force-mem-access 1
targets -set -nocase -filter {name =~"APU*" && jtag_cable_name =~ "Digilent Arty Z7 003017BB0A94A"} -index 0
stop
ps7_init
ps7_post_config
targets -set -nocase -filter {name =~ "ARM*#0" && jtag_cable_name =~ "Digilent Arty Z7 003017BB0A94A"} -index 0
rst -processor
targets -set -nocase -filter {name =~ "ARM*#0" && jtag_cable_name =~ "Digilent Arty Z7 003017BB0A94A"} -index 0
dow C:/Users/chris/Documents/FPGA/sum_ip/sum_ip.sdk/sum/Debug/sum.elf
configparams force-mem-access 0
----------------End of Script----------------

20:07:31 INFO  : Context for processor 'ps7_cortexa9_0' is selected.
20:07:31 INFO  : 'con' command is executed.
20:07:31 INFO  : ----------------XSDB Script (After Launch)----------------
targets -set -nocase -filter {name =~ "ARM*#0" && jtag_cable_name =~ "Digilent Arty Z7 003017BB0A94A"} -index 0
con
----------------End of Script----------------

20:07:31 INFO  : Disconnected from the channel tcfchan#1.
20:08:46 INFO  : Connected to target on host '127.0.0.1' and port '3121'.
20:08:47 INFO  : 'targets -set -filter {jtag_cable_name =~ "Digilent Arty Z7 003017BB0A94A" && level==0} -index 1' command is executed.
20:08:48 INFO  : FPGA configured successfully with bitstream "C:/Users/chris/Documents/FPGA/sum_ip/sum_ip.sdk/sum_system_wrapper_hw_platform_0/sum_system_wrapper.bit"
20:09:05 INFO  : 'targets -set -filter {jtag_cable_name =~ "Digilent Arty Z7 003017BB0A94A" && level==0} -index 1' command is executed.
20:09:05 INFO  : 'fpga -state' command is executed.
20:09:05 INFO  : Connected to target on host '127.0.0.1' and port '3121'.
20:09:05 INFO  : Jtag cable 'Digilent Arty Z7 003017BB0A94A' is selected.
20:09:05 INFO  : 'jtag frequency' command is executed.
20:09:05 INFO  : Sourcing of 'C:/Users/chris/Documents/FPGA/sum_ip/sum_ip.sdk/sum_system_wrapper_hw_platform_0/ps7_init.tcl' is done.
20:09:05 INFO  : Context for 'APU' is selected.
20:09:05 INFO  : Hardware design information is loaded from 'C:/Users/chris/Documents/FPGA/sum_ip/sum_ip.sdk/sum_system_wrapper_hw_platform_0/system.hdf'.
20:09:05 INFO  : 'configparams force-mem-access 1' command is executed.
20:09:05 INFO  : Context for 'APU' is selected.
20:09:05 INFO  : 'stop' command is executed.
20:09:05 INFO  : 'ps7_init' command is executed.
20:09:05 INFO  : 'ps7_post_config' command is executed.
20:09:05 INFO  : Context for processor 'ps7_cortexa9_0' is selected.
20:09:05 INFO  : Processor reset is completed for 'ps7_cortexa9_0'.
20:09:05 INFO  : Context for processor 'ps7_cortexa9_0' is selected.
20:09:06 INFO  : The application 'C:/Users/chris/Documents/FPGA/sum_ip/sum_ip.sdk/sum/Debug/sum.elf' is downloaded to processor 'ps7_cortexa9_0'.
20:09:06 INFO  : 'configparams force-mem-access 0' command is executed.
20:09:06 INFO  : ----------------XSDB Script----------------
connect -url tcp:127.0.0.1:3121
source C:/Users/chris/Documents/FPGA/sum_ip/sum_ip.sdk/sum_system_wrapper_hw_platform_0/ps7_init.tcl
targets -set -nocase -filter {name =~"APU*" && jtag_cable_name =~ "Digilent Arty Z7 003017BB0A94A"} -index 0
loadhw -hw C:/Users/chris/Documents/FPGA/sum_ip/sum_ip.sdk/sum_system_wrapper_hw_platform_0/system.hdf -mem-ranges [list {0x40000000 0xbfffffff}]
configparams force-mem-access 1
targets -set -nocase -filter {name =~"APU*" && jtag_cable_name =~ "Digilent Arty Z7 003017BB0A94A"} -index 0
stop
ps7_init
ps7_post_config
targets -set -nocase -filter {name =~ "ARM*#0" && jtag_cable_name =~ "Digilent Arty Z7 003017BB0A94A"} -index 0
rst -processor
targets -set -nocase -filter {name =~ "ARM*#0" && jtag_cable_name =~ "Digilent Arty Z7 003017BB0A94A"} -index 0
dow C:/Users/chris/Documents/FPGA/sum_ip/sum_ip.sdk/sum/Debug/sum.elf
configparams force-mem-access 0
----------------End of Script----------------

20:09:06 INFO  : Context for processor 'ps7_cortexa9_0' is selected.
20:09:06 INFO  : 'con' command is executed.
20:09:06 INFO  : ----------------XSDB Script (After Launch)----------------
targets -set -nocase -filter {name =~ "ARM*#0" && jtag_cable_name =~ "Digilent Arty Z7 003017BB0A94A"} -index 0
con
----------------End of Script----------------

20:09:06 INFO  : Disconnected from the channel tcfchan#2.
20:21:26 INFO  : 'targets -set -filter {jtag_cable_name =~ "Digilent Arty Z7 003017BB0A94A" && level==0} -index 1' command is executed.
20:21:26 INFO  : 'fpga -state' command is executed.
20:21:26 INFO  : Connected to target on host '127.0.0.1' and port '3121'.
20:21:26 INFO  : Jtag cable 'Digilent Arty Z7 003017BB0A94A' is selected.
20:21:26 INFO  : 'jtag frequency' command is executed.
20:21:26 INFO  : Sourcing of 'C:/Users/chris/Documents/FPGA/sum_ip/sum_ip.sdk/sum_system_wrapper_hw_platform_0/ps7_init.tcl' is done.
20:21:26 INFO  : Context for 'APU' is selected.
20:21:26 INFO  : Hardware design information is loaded from 'C:/Users/chris/Documents/FPGA/sum_ip/sum_ip.sdk/sum_system_wrapper_hw_platform_0/system.hdf'.
20:21:26 INFO  : 'configparams force-mem-access 1' command is executed.
20:21:26 INFO  : Context for 'APU' is selected.
20:21:26 INFO  : 'stop' command is executed.
20:21:26 INFO  : 'ps7_init' command is executed.
20:21:26 INFO  : 'ps7_post_config' command is executed.
20:21:26 INFO  : Context for processor 'ps7_cortexa9_0' is selected.
20:21:27 INFO  : Processor reset is completed for 'ps7_cortexa9_0'.
20:21:27 INFO  : Context for processor 'ps7_cortexa9_0' is selected.
20:21:27 INFO  : The application 'C:/Users/chris/Documents/FPGA/sum_ip/sum_ip.sdk/sum/Debug/sum.elf' is downloaded to processor 'ps7_cortexa9_0'.
20:21:27 INFO  : 'configparams force-mem-access 0' command is executed.
20:21:27 INFO  : ----------------XSDB Script----------------
connect -url tcp:127.0.0.1:3121
source C:/Users/chris/Documents/FPGA/sum_ip/sum_ip.sdk/sum_system_wrapper_hw_platform_0/ps7_init.tcl
targets -set -nocase -filter {name =~"APU*" && jtag_cable_name =~ "Digilent Arty Z7 003017BB0A94A"} -index 0
loadhw -hw C:/Users/chris/Documents/FPGA/sum_ip/sum_ip.sdk/sum_system_wrapper_hw_platform_0/system.hdf -mem-ranges [list {0x40000000 0xbfffffff}]
configparams force-mem-access 1
targets -set -nocase -filter {name =~"APU*" && jtag_cable_name =~ "Digilent Arty Z7 003017BB0A94A"} -index 0
stop
ps7_init
ps7_post_config
targets -set -nocase -filter {name =~ "ARM*#0" && jtag_cable_name =~ "Digilent Arty Z7 003017BB0A94A"} -index 0
rst -processor
targets -set -nocase -filter {name =~ "ARM*#0" && jtag_cable_name =~ "Digilent Arty Z7 003017BB0A94A"} -index 0
dow C:/Users/chris/Documents/FPGA/sum_ip/sum_ip.sdk/sum/Debug/sum.elf
configparams force-mem-access 0
----------------End of Script----------------

20:21:27 INFO  : Context for processor 'ps7_cortexa9_0' is selected.
20:21:27 INFO  : 'con' command is executed.
20:21:27 INFO  : ----------------XSDB Script (After Launch)----------------
targets -set -nocase -filter {name =~ "ARM*#0" && jtag_cable_name =~ "Digilent Arty Z7 003017BB0A94A"} -index 0
con
----------------End of Script----------------

20:21:27 INFO  : Disconnected from the channel tcfchan#3.
20:23:07 INFO  : 'targets -set -filter {jtag_cable_name =~ "Digilent Arty Z7 003017BB0A94A" && level==0} -index 1' command is executed.
20:23:07 INFO  : 'fpga -state' command is executed.
20:23:07 INFO  : Connected to target on host '127.0.0.1' and port '3121'.
20:23:07 INFO  : Jtag cable 'Digilent Arty Z7 003017BB0A94A' is selected.
20:23:07 INFO  : 'jtag frequency' command is executed.
20:23:07 INFO  : Sourcing of 'C:/Users/chris/Documents/FPGA/sum_ip/sum_ip.sdk/sum_system_wrapper_hw_platform_0/ps7_init.tcl' is done.
20:23:07 INFO  : Context for 'APU' is selected.
20:23:07 INFO  : Hardware design information is loaded from 'C:/Users/chris/Documents/FPGA/sum_ip/sum_ip.sdk/sum_system_wrapper_hw_platform_0/system.hdf'.
20:23:07 INFO  : 'configparams force-mem-access 1' command is executed.
20:23:07 INFO  : Context for 'APU' is selected.
20:23:07 INFO  : 'stop' command is executed.
20:23:08 INFO  : 'ps7_init' command is executed.
20:23:08 INFO  : 'ps7_post_config' command is executed.
20:23:08 INFO  : Context for processor 'ps7_cortexa9_0' is selected.
20:23:08 INFO  : Processor reset is completed for 'ps7_cortexa9_0'.
20:23:08 INFO  : Context for processor 'ps7_cortexa9_0' is selected.
20:23:08 INFO  : The application 'C:/Users/chris/Documents/FPGA/sum_ip/sum_ip.sdk/sum/Debug/sum.elf' is downloaded to processor 'ps7_cortexa9_0'.
20:23:08 INFO  : 'configparams force-mem-access 0' command is executed.
20:23:08 INFO  : ----------------XSDB Script----------------
connect -url tcp:127.0.0.1:3121
source C:/Users/chris/Documents/FPGA/sum_ip/sum_ip.sdk/sum_system_wrapper_hw_platform_0/ps7_init.tcl
targets -set -nocase -filter {name =~"APU*" && jtag_cable_name =~ "Digilent Arty Z7 003017BB0A94A"} -index 0
loadhw -hw C:/Users/chris/Documents/FPGA/sum_ip/sum_ip.sdk/sum_system_wrapper_hw_platform_0/system.hdf -mem-ranges [list {0x40000000 0xbfffffff}]
configparams force-mem-access 1
targets -set -nocase -filter {name =~"APU*" && jtag_cable_name =~ "Digilent Arty Z7 003017BB0A94A"} -index 0
stop
ps7_init
ps7_post_config
targets -set -nocase -filter {name =~ "ARM*#0" && jtag_cable_name =~ "Digilent Arty Z7 003017BB0A94A"} -index 0
rst -processor
targets -set -nocase -filter {name =~ "ARM*#0" && jtag_cable_name =~ "Digilent Arty Z7 003017BB0A94A"} -index 0
dow C:/Users/chris/Documents/FPGA/sum_ip/sum_ip.sdk/sum/Debug/sum.elf
configparams force-mem-access 0
----------------End of Script----------------

20:23:08 INFO  : Context for processor 'ps7_cortexa9_0' is selected.
20:23:08 INFO  : 'con' command is executed.
20:23:08 INFO  : ----------------XSDB Script (After Launch)----------------
targets -set -nocase -filter {name =~ "ARM*#0" && jtag_cable_name =~ "Digilent Arty Z7 003017BB0A94A"} -index 0
con
----------------End of Script----------------

20:23:08 INFO  : Disconnected from the channel tcfchan#4.
